[5.063s] DEBUG:colcon:Command line arguments: ['/usr/bin/colcon', 'build']
[5.063s] DEBUG:colcon:Parsed command line arguments: Namespace(allow_overriding=[], ament_cmake_args=None, base_paths=['.'], build_base='build', catkin_cmake_args=None, catkin_skip_building_tests=False, cmake_args=None, cmake_clean_cache=False, cmake_clean_first=False, cmake_force_configure=False, cmake_target=None, cmake_target_skip_unavailable=False, continue_on_error=False, event_handlers=None, executor='parallel', ignore_user_meta=False, install_base='install', log_base=None, log_level=None, main=<bound method BuildVerb.main of <colcon_core.verb.build.BuildVerb object at 0x7f8555cc1730>>, merge_install=False, metas=['./colcon.meta'], packages_above=None, packages_above_and_dependencies=None, packages_above_depth=None, packages_end=None, packages_ignore=None, packages_ignore_regex=None, packages_select=None, packages_select_build_failed=False, packages_select_by_dep=None, packages_select_regex=None, packages_select_test_failures=False, packages_skip=None, packages_skip_build_finished=False, packages_skip_by_dep=None, packages_skip_regex=None, packages_skip_test_passed=False, packages_skip_up_to=None, packages_start=None, packages_up_to=None, packages_up_to_regex=None, parallel_workers=12, paths=None, symlink_install=False, test_result_base=None, verb_extension=<colcon_core.verb.build.BuildVerb object at 0x7f8555cc1730>, verb_name='build', verb_parser=<colcon_defaults.argument_parser.defaults.DefaultArgumentsDecorator object at 0x7f8555cc1b80>)
[5.295s] Level 1:colcon.colcon_core.package_discovery:discover_packages(colcon_meta) check parameters
[5.295s] Level 1:colcon.colcon_core.package_discovery:discover_packages(recursive) check parameters
[5.295s] Level 1:colcon.colcon_core.package_discovery:discover_packages(ignore) check parameters
[5.295s] Level 1:colcon.colcon_core.package_discovery:discover_packages(path) check parameters
[5.295s] Level 1:colcon.colcon_core.package_discovery:discover_packages(colcon_meta) discover
[5.296s] Level 1:colcon.colcon_core.package_discovery:discover_packages(recursive) discover
[5.296s] INFO:colcon.colcon_core.package_discovery:Crawling recursively for packages in '/home/user/ros2_ws'
[5.296s] Level 1:colcon.colcon_core.package_identification:_identify(.) by extensions ['ignore', 'ignore_ament_install']
[5.296s] Level 1:colcon.colcon_core.package_identification:_identify(.) by extension 'ignore'
[5.296s] Level 1:colcon.colcon_core.package_identification:_identify(.) by extension 'ignore_ament_install'
[5.296s] Level 1:colcon.colcon_core.package_identification:_identify(.) by extensions ['colcon_pkg']
[5.296s] Level 1:colcon.colcon_core.package_identification:_identify(.) by extension 'colcon_pkg'
[5.296s] Level 1:colcon.colcon_core.package_identification:_identify(.) by extensions ['colcon_meta']
[5.296s] Level 1:colcon.colcon_core.package_identification:_identify(.) by extension 'colcon_meta'
[5.296s] Level 1:colcon.colcon_core.package_identification:_identify(.) by extensions ['ros']
[5.296s] Level 1:colcon.colcon_core.package_identification:_identify(.) by extension 'ros'
[5.320s] Level 1:colcon.colcon_core.package_identification:_identify(.) by extensions ['cmake', 'python']
[5.320s] Level 1:colcon.colcon_core.package_identification:_identify(.) by extension 'cmake'
[5.320s] Level 1:colcon.colcon_core.package_identification:_identify(.) by extension 'python'
[5.320s] Level 1:colcon.colcon_core.package_identification:_identify(.) by extensions ['python_setup_py']
[5.320s] Level 1:colcon.colcon_core.package_identification:_identify(.) by extension 'python_setup_py'
[5.320s] Level 1:colcon.colcon_core.package_identification:_identify(build) by extensions ['ignore', 'ignore_ament_install']
[5.321s] Level 1:colcon.colcon_core.package_identification:_identify(build) by extension 'ignore'
[5.321s] Level 1:colcon.colcon_core.package_identification:_identify(build) ignored
[5.321s] Level 1:colcon.colcon_core.package_identification:_identify(install) by extensions ['ignore', 'ignore_ament_install']
[5.321s] Level 1:colcon.colcon_core.package_identification:_identify(install) by extension 'ignore'
[5.322s] Level 1:colcon.colcon_core.package_identification:_identify(install) ignored
[5.322s] Level 1:colcon.colcon_core.package_identification:_identify(log) by extensions ['ignore', 'ignore_ament_install']
[5.322s] Level 1:colcon.colcon_core.package_identification:_identify(log) by extension 'ignore'
[5.322s] Level 1:colcon.colcon_core.package_identification:_identify(log) ignored
[5.322s] Level 1:colcon.colcon_core.package_identification:_identify(src) by extensions ['ignore', 'ignore_ament_install']
[5.322s] Level 1:colcon.colcon_core.package_identification:_identify(src) by extension 'ignore'
[5.322s] Level 1:colcon.colcon_core.package_identification:_identify(src) by extension 'ignore_ament_install'
[5.322s] Level 1:colcon.colcon_core.package_identification:_identify(src) by extensions ['colcon_pkg']
[5.323s] Level 1:colcon.colcon_core.package_identification:_identify(src) by extension 'colcon_pkg'
[5.323s] Level 1:colcon.colcon_core.package_identification:_identify(src) by extensions ['colcon_meta']
[5.323s] Level 1:colcon.colcon_core.package_identification:_identify(src) by extension 'colcon_meta'
[5.323s] Level 1:colcon.colcon_core.package_identification:_identify(src) by extensions ['ros']
[5.323s] Level 1:colcon.colcon_core.package_identification:_identify(src) by extension 'ros'
[5.323s] Level 1:colcon.colcon_core.package_identification:_identify(src) by extensions ['cmake', 'python']
[5.323s] Level 1:colcon.colcon_core.package_identification:_identify(src) by extension 'cmake'
[5.323s] Level 1:colcon.colcon_core.package_identification:_identify(src) by extension 'python'
[5.323s] Level 1:colcon.colcon_core.package_identification:_identify(src) by extensions ['python_setup_py']
[5.323s] Level 1:colcon.colcon_core.package_identification:_identify(src) by extension 'python_setup_py'
[5.323s] Level 1:colcon.colcon_core.package_identification:_identify(src/my_py_pkg) by extensions ['ignore', 'ignore_ament_install']
[5.323s] Level 1:colcon.colcon_core.package_identification:_identify(src/my_py_pkg) by extension 'ignore'
[5.323s] Level 1:colcon.colcon_core.package_identification:_identify(src/my_py_pkg) by extension 'ignore_ament_install'
[5.324s] Level 1:colcon.colcon_core.package_identification:_identify(src/my_py_pkg) by extensions ['colcon_pkg']
[5.324s] Level 1:colcon.colcon_core.package_identification:_identify(src/my_py_pkg) by extension 'colcon_pkg'
[5.324s] Level 1:colcon.colcon_core.package_identification:_identify(src/my_py_pkg) by extensions ['colcon_meta']
[5.324s] Level 1:colcon.colcon_core.package_identification:_identify(src/my_py_pkg) by extension 'colcon_meta'
[5.324s] Level 1:colcon.colcon_core.package_identification:_identify(src/my_py_pkg) by extensions ['ros']
[5.324s] Level 1:colcon.colcon_core.package_identification:_identify(src/my_py_pkg) by extension 'ros'
[5.327s] DEBUG:colcon.colcon_core.package_identification:Package 'src/my_py_pkg' with type 'ros.ament_python' and name 'my_py_pkg'
[5.327s] Level 1:colcon.colcon_core.package_discovery:discover_packages(recursive) using defaults
[5.327s] Level 1:colcon.colcon_core.package_discovery:discover_packages(ignore) discover
[5.327s] Level 1:colcon.colcon_core.package_discovery:discover_packages(ignore) using defaults
[5.327s] Level 1:colcon.colcon_core.package_discovery:discover_packages(path) discover
[5.327s] Level 1:colcon.colcon_core.package_discovery:discover_packages(path) using defaults
[5.855s] Level 1:colcon.colcon_core.package_discovery:discover_packages(prefix_path) check parameters
[5.855s] Level 1:colcon.colcon_core.package_discovery:discover_packages(prefix_path) discover
[6.025s] DEBUG:colcon.colcon_installed_package_information.package_discovery:Found 1 installed packages in /home/user/ros2_ws/install
[6.120s] DEBUG:colcon.colcon_installed_package_information.package_discovery:Found 168 installed packages in /opt/ros/foxy
[6.121s] Level 1:colcon.colcon_core.package_discovery:discover_packages(prefix_path) using defaults
[6.319s] Level 5:colcon.colcon_core.verb:set package 'my_py_pkg' build argument 'cmake_args' from command line to 'None'
[6.319s] Level 5:colcon.colcon_core.verb:set package 'my_py_pkg' build argument 'cmake_target' from command line to 'None'
[6.319s] Level 5:colcon.colcon_core.verb:set package 'my_py_pkg' build argument 'cmake_target_skip_unavailable' from command line to 'False'
[6.319s] Level 5:colcon.colcon_core.verb:set package 'my_py_pkg' build argument 'cmake_clean_cache' from command line to 'False'
[6.319s] Level 5:colcon.colcon_core.verb:set package 'my_py_pkg' build argument 'cmake_clean_first' from command line to 'False'
[6.319s] Level 5:colcon.colcon_core.verb:set package 'my_py_pkg' build argument 'cmake_force_configure' from command line to 'False'
[6.319s] Level 5:colcon.colcon_core.verb:set package 'my_py_pkg' build argument 'ament_cmake_args' from command line to 'None'
[6.319s] Level 5:colcon.colcon_core.verb:set package 'my_py_pkg' build argument 'catkin_cmake_args' from command line to 'None'
[6.319s] Level 5:colcon.colcon_core.verb:set package 'my_py_pkg' build argument 'catkin_skip_building_tests' from command line to 'False'
[6.319s] DEBUG:colcon.colcon_core.verb:Building package 'my_py_pkg' with the following arguments: {'ament_cmake_args': None, 'build_base': '/home/user/ros2_ws/build/my_py_pkg', 'catkin_cmake_args': None, 'catkin_skip_building_tests': False, 'cmake_args': None, 'cmake_clean_cache': False, 'cmake_clean_first': False, 'cmake_force_configure': False, 'cmake_target': None, 'cmake_target_skip_unavailable': False, 'install_base': '/home/user/ros2_ws/install/my_py_pkg', 'merge_install': False, 'path': '/home/user/ros2_ws/src/my_py_pkg', 'symlink_install': False, 'test_result_base': None}
[6.393s] INFO:colcon.colcon_core.executor:Executing jobs using 'parallel' executor
[6.476s] DEBUG:colcon.colcon_parallel_executor.executor.parallel:run_until_complete
[6.477s] INFO:colcon.colcon_ros.task.ament_python.build:Building ROS package in '/home/user/ros2_ws/src/my_py_pkg' with build type 'ament_python'
[6.477s] Level 1:colcon.colcon_core.shell:create_environment_hook('my_py_pkg', 'ament_prefix_path')
[6.577s] INFO:colcon.colcon_core.plugin_system:Skipping extension 'colcon_core.shell.bat': Not used on non-Windows systems
[6.577s] INFO:colcon.colcon_core.shell:Creating environment hook '/home/user/ros2_ws/install/my_py_pkg/share/my_py_pkg/hook/ament_prefix_path.ps1'
[6.578s] INFO:colcon.colcon_core.shell:Creating environment descriptor '/home/user/ros2_ws/install/my_py_pkg/share/my_py_pkg/hook/ament_prefix_path.dsv'
[6.578s] INFO:colcon.colcon_core.shell:Creating environment hook '/home/user/ros2_ws/install/my_py_pkg/share/my_py_pkg/hook/ament_prefix_path.sh'
[6.665s] INFO:colcon.colcon_core.shell:Skip shell extension 'powershell' for command environment: Not usable outside of PowerShell
[6.665s] DEBUG:colcon.colcon_core.shell:Skip shell extension 'dsv' for command environment
[7.129s] INFO:colcon.colcon_core.task.python.build:Building Python package in '/home/user/ros2_ws/src/my_py_pkg'
[7.218s] INFO:colcon.colcon_core.shell:Skip shell extension 'powershell' for command environment: Not usable outside of PowerShell
[7.218s] DEBUG:colcon.colcon_core.shell:Skip shell extension 'dsv' for command environment
[7.793s] DEBUG:colcon.colcon_core.event_handler.log_command:Invoking command in '/home/user/ros2_ws/src/my_py_pkg': PYTHONPATH=/home/user/ros2_ws/build/my_py_pkg/prefix_override:/home/user/ros2_ws/install/my_py_pkg/lib/python3.8/site-packages:${PYTHONPATH} /usr/bin/python3 setup.py egg_info --egg-base ../../build/my_py_pkg build --build-base /home/user/ros2_ws/build/my_py_pkg/build install --record /home/user/ros2_ws/build/my_py_pkg/install.log --install-scripts $base/lib/my_py_pkg --single-version-externally-managed
[8.039s] DEBUG:colcon.colcon_core.event_handler.log_command:Invoked command in '/home/user/ros2_ws/src/my_py_pkg' returned '0': PYTHONPATH=/home/user/ros2_ws/build/my_py_pkg/prefix_override:/home/user/ros2_ws/install/my_py_pkg/lib/python3.8/site-packages:${PYTHONPATH} /usr/bin/python3 setup.py egg_info --egg-base ../../build/my_py_pkg build --build-base /home/user/ros2_ws/build/my_py_pkg/build install --record /home/user/ros2_ws/build/my_py_pkg/install.log --install-scripts $base/lib/my_py_pkg --single-version-externally-managed
[8.124s] Level 1:colcon.colcon_core.environment:checking '/home/user/ros2_ws/install/my_py_pkg' for CMake module files
[8.125s] Level 1:colcon.colcon_core.environment:checking '/home/user/ros2_ws/install/my_py_pkg' for CMake config files
[8.125s] Level 1:colcon.colcon_core.environment:checking '/home/user/ros2_ws/install/my_py_pkg/lib'
[8.126s] Level 1:colcon.colcon_core.environment:checking '/home/user/ros2_ws/install/my_py_pkg/bin'
[8.126s] Level 1:colcon.colcon_core.environment:checking '/home/user/ros2_ws/install/my_py_pkg/lib/pkgconfig/my_py_pkg.pc'
[8.126s] Level 1:colcon.colcon_core.environment:checking '/home/user/ros2_ws/install/my_py_pkg/lib/python3.8/site-packages'
[8.126s] Level 1:colcon.colcon_core.shell:create_environment_hook('my_py_pkg', 'pythonpath')
[8.222s] INFO:colcon.colcon_core.shell:Creating environment hook '/home/user/ros2_ws/install/my_py_pkg/share/my_py_pkg/hook/pythonpath.ps1'
[8.223s] INFO:colcon.colcon_core.shell:Creating environment descriptor '/home/user/ros2_ws/install/my_py_pkg/share/my_py_pkg/hook/pythonpath.dsv'
[8.223s] INFO:colcon.colcon_core.shell:Creating environment hook '/home/user/ros2_ws/install/my_py_pkg/share/my_py_pkg/hook/pythonpath.sh'
[8.224s] Level 1:colcon.colcon_core.environment:checking '/home/user/ros2_ws/install/my_py_pkg/bin'
[8.224s] Level 1:colcon.colcon_core.environment:create_environment_scripts_only(my_py_pkg)
[8.313s] INFO:colcon.colcon_core.shell:Creating package script '/home/user/ros2_ws/install/my_py_pkg/share/my_py_pkg/package.ps1'
[8.314s] INFO:colcon.colcon_core.shell:Creating package descriptor '/home/user/ros2_ws/install/my_py_pkg/share/my_py_pkg/package.dsv'
[8.315s] INFO:colcon.colcon_core.shell:Creating package script '/home/user/ros2_ws/install/my_py_pkg/share/my_py_pkg/package.sh'
[8.315s] INFO:colcon.colcon_core.shell:Creating package script '/home/user/ros2_ws/install/my_py_pkg/share/my_py_pkg/package.bash'
[8.316s] INFO:colcon.colcon_core.shell:Creating package script '/home/user/ros2_ws/install/my_py_pkg/share/my_py_pkg/package.zsh'
[8.317s] Level 1:colcon.colcon_core.environment:create_file_with_runtime_dependencies(/home/user/ros2_ws/install/my_py_pkg/share/colcon-core/packages/my_py_pkg)
[8.317s] DEBUG:colcon.colcon_parallel_executor.executor.parallel:closing loop
[8.318s] DEBUG:colcon.colcon_parallel_executor.executor.parallel:loop closed
[8.318s] DEBUG:colcon.colcon_parallel_executor.executor.parallel:run_until_complete finished with '0'
[8.319s] DEBUG:colcon.colcon_core.event_reactor:joining thread
[8.416s] INFO:colcon.colcon_core.plugin_system:Skipping extension 'colcon_notification.desktop_notification.notify_send': Could not find 'notify-send'
[8.416s] INFO:colcon.colcon_core.plugin_system:Skipping extension 'colcon_notification.desktop_notification.terminal_notifier': Not used on non-Darwin systems
[8.416s] INFO:colcon.colcon_core.plugin_system:Skipping extension 'colcon_notification.desktop_notification.win32': Not used on non-Windows systems
[8.416s] INFO:colcon.colcon_notification.desktop_notification:Sending desktop notification using 'notify2'
[8.418s] DEBUG:colcon.colcon_notification.desktop_notification.notify2:Failed to initialize notify2: org.freedesktop.DBus.Error.Spawn.ExecFailed: /usr/bin/dbus-launch terminated abnormally without any error message
[8.419s] DEBUG:colcon.colcon_core.event_reactor:joined thread
[8.503s] INFO:colcon.colcon_core.shell:Creating prefix script '/home/user/ros2_ws/install/local_setup.ps1'
[8.504s] INFO:colcon.colcon_core.shell:Creating prefix util module '/home/user/ros2_ws/install/_local_setup_util_ps1.py'
[8.505s] INFO:colcon.colcon_core.shell:Creating prefix chain script '/home/user/ros2_ws/install/setup.ps1'
[8.589s] INFO:colcon.colcon_core.shell:Creating prefix script '/home/user/ros2_ws/install/local_setup.sh'
[8.589s] INFO:colcon.colcon_core.shell:Creating prefix util module '/home/user/ros2_ws/install/_local_setup_util_sh.py'
[8.590s] INFO:colcon.colcon_core.shell:Creating prefix chain script '/home/user/ros2_ws/install/setup.sh'
[8.679s] INFO:colcon.colcon_core.shell:Creating prefix script '/home/user/ros2_ws/install/local_setup.bash'
[8.680s] INFO:colcon.colcon_core.shell:Creating prefix chain script '/home/user/ros2_ws/install/setup.bash'
[8.767s] INFO:colcon.colcon_core.shell:Creating prefix script '/home/user/ros2_ws/install/local_setup.zsh'
[8.768s] INFO:colcon.colcon_core.shell:Creating prefix chain script '/home/user/ros2_ws/install/setup.zsh'
