[4.528s] Invoking command in '/home/user/ros2_ws/src/my_py_pkg': PYTHONPATH=/home/user/ros2_ws/build/my_py_pkg/prefix_override:/home/user/ros2_ws/install/my_py_pkg/lib/python3.8/site-packages:${PYTHONPATH} /usr/bin/python3 setup.py egg_info --egg-base ../../build/my_py_pkg build --build-base /home/user/ros2_ws/build/my_py_pkg/build install --record /home/user/ros2_ws/build/my_py_pkg/install.log --install-scripts $base/lib/my_py_pkg --single-version-externally-managed
[4.722s] running egg_info
[4.722s] writing ../../build/my_py_pkg/my_py_pkg.egg-info/PKG-INFO
[4.722s] writing dependency_links to ../../build/my_py_pkg/my_py_pkg.egg-info/dependency_links.txt
[4.722s] writing entry points to ../../build/my_py_pkg/my_py_pkg.egg-info/entry_points.txt
[4.722s] writing requirements to ../../build/my_py_pkg/my_py_pkg.egg-info/requires.txt
[4.723s] writing top-level names to ../../build/my_py_pkg/my_py_pkg.egg-info/top_level.txt
[4.754s] reading manifest file '../../build/my_py_pkg/my_py_pkg.egg-info/SOURCES.txt'
[4.754s] writing manifest file '../../build/my_py_pkg/my_py_pkg.egg-info/SOURCES.txt'
[4.754s] running build
[4.754s] running build_py
[4.755s] copying my_py_pkg/savePointCloud.py -> /home/user/ros2_ws/build/my_py_pkg/build/lib/my_py_pkg
[4.755s] running install
[4.755s] running install_lib
[4.756s] copying /home/user/ros2_ws/build/my_py_pkg/build/lib/my_py_pkg/savePointCloud.py -> /home/user/ros2_ws/install/my_py_pkg/lib/python3.8/site-packages/my_py_pkg
[4.757s] byte-compiling /home/user/ros2_ws/install/my_py_pkg/lib/python3.8/site-packages/my_py_pkg/savePointCloud.py to savePointCloud.cpython-38.pyc
[4.758s] running install_data
[4.759s] running install_egg_info
[4.760s] removing '/home/user/ros2_ws/install/my_py_pkg/lib/python3.8/site-packages/my_py_pkg-0.0.0-py3.8.egg-info' (and everything under it)
[4.760s] Copying ../../build/my_py_pkg/my_py_pkg.egg-info to /home/user/ros2_ws/install/my_py_pkg/lib/python3.8/site-packages/my_py_pkg-0.0.0-py3.8.egg-info
[4.761s] running install_scripts
[4.775s] Installing my_pub script to /home/user/ros2_ws/install/my_py_pkg/lib/my_py_pkg
[4.776s] Installing my_sub script to /home/user/ros2_ws/install/my_py_pkg/lib/my_py_pkg
[4.776s] Installing save_image2video script to /home/user/ros2_ws/install/my_py_pkg/lib/my_py_pkg
[4.776s] Installing save_point_Cloud script to /home/user/ros2_ws/install/my_py_pkg/lib/my_py_pkg
[4.776s] writing list of installed files to '/home/user/ros2_ws/build/my_py_pkg/install.log'
[4.791s] Invoked command in '/home/user/ros2_ws/src/my_py_pkg' returned '0': PYTHONPATH=/home/user/ros2_ws/build/my_py_pkg/prefix_override:/home/user/ros2_ws/install/my_py_pkg/lib/python3.8/site-packages:${PYTHONPATH} /usr/bin/python3 setup.py egg_info --egg-base ../../build/my_py_pkg build --build-base /home/user/ros2_ws/build/my_py_pkg/build install --record /home/user/ros2_ws/build/my_py_pkg/install.log --install-scripts $base/lib/my_py_pkg --single-version-externally-managed
