[1.496s] Invoking command in '/home/user/ros2_ws/src/my_py_pkg': PYTHONPATH=/home/user/ros2_ws/build/my_py_pkg/prefix_override:/home/user/ros2_ws/install/my_py_pkg/lib/python3.8/site-packages:${PYTHONPATH} /usr/bin/python3 setup.py egg_info --egg-base ../../build/my_py_pkg build --build-base /home/user/ros2_ws/build/my_py_pkg/build install --record /home/user/ros2_ws/build/my_py_pkg/install.log --install-scripts $base/lib/my_py_pkg --single-version-externally-managed
[1.673s] running egg_info
[1.674s] creating ../../build/my_py_pkg/my_py_pkg.egg-info
[1.674s] writing ../../build/my_py_pkg/my_py_pkg.egg-info/PKG-INFO
[1.674s] writing dependency_links to ../../build/my_py_pkg/my_py_pkg.egg-info/dependency_links.txt
[1.674s] writing entry points to ../../build/my_py_pkg/my_py_pkg.egg-info/entry_points.txt
[1.675s] writing requirements to ../../build/my_py_pkg/my_py_pkg.egg-info/requires.txt
[1.675s] writing top-level names to ../../build/my_py_pkg/my_py_pkg.egg-info/top_level.txt
[1.677s] writing manifest file '../../build/my_py_pkg/my_py_pkg.egg-info/SOURCES.txt'
[1.704s] reading manifest file '../../build/my_py_pkg/my_py_pkg.egg-info/SOURCES.txt'
[1.705s] writing manifest file '../../build/my_py_pkg/my_py_pkg.egg-info/SOURCES.txt'
[1.706s] running build
[1.706s] running build_py
[1.706s] creating /home/user/ros2_ws/build/my_py_pkg/build
[1.706s] creating /home/user/ros2_ws/build/my_py_pkg/build/lib
[1.706s] creating /home/user/ros2_ws/build/my_py_pkg/build/lib/my_py_pkg
[1.707s] copying my_py_pkg/my_pub.py -> /home/user/ros2_ws/build/my_py_pkg/build/lib/my_py_pkg
[1.707s] copying my_py_pkg/saveimage.py -> /home/user/ros2_ws/build/my_py_pkg/build/lib/my_py_pkg
[1.707s] copying my_py_pkg/__init__.py -> /home/user/ros2_ws/build/my_py_pkg/build/lib/my_py_pkg
[1.707s] copying my_py_pkg/my_sub.py -> /home/user/ros2_ws/build/my_py_pkg/build/lib/my_py_pkg
[1.707s] running install
[1.707s] running install_lib
[1.709s] creating /home/user/ros2_ws/install/my_py_pkg/lib/python3.8/site-packages/my_py_pkg
[1.709s] copying /home/user/ros2_ws/build/my_py_pkg/build/lib/my_py_pkg/my_pub.py -> /home/user/ros2_ws/install/my_py_pkg/lib/python3.8/site-packages/my_py_pkg
[1.709s] copying /home/user/ros2_ws/build/my_py_pkg/build/lib/my_py_pkg/saveimage.py -> /home/user/ros2_ws/install/my_py_pkg/lib/python3.8/site-packages/my_py_pkg
[1.709s] copying /home/user/ros2_ws/build/my_py_pkg/build/lib/my_py_pkg/__init__.py -> /home/user/ros2_ws/install/my_py_pkg/lib/python3.8/site-packages/my_py_pkg
[1.709s] copying /home/user/ros2_ws/build/my_py_pkg/build/lib/my_py_pkg/my_sub.py -> /home/user/ros2_ws/install/my_py_pkg/lib/python3.8/site-packages/my_py_pkg
[1.710s] byte-compiling /home/user/ros2_ws/install/my_py_pkg/lib/python3.8/site-packages/my_py_pkg/my_pub.py to my_pub.cpython-38.pyc
[1.711s] byte-compiling /home/user/ros2_ws/install/my_py_pkg/lib/python3.8/site-packages/my_py_pkg/saveimage.py to saveimage.cpython-38.pyc
[1.712s] byte-compiling /home/user/ros2_ws/install/my_py_pkg/lib/python3.8/site-packages/my_py_pkg/__init__.py to __init__.cpython-38.pyc
[1.712s] byte-compiling /home/user/ros2_ws/install/my_py_pkg/lib/python3.8/site-packages/my_py_pkg/my_sub.py to my_sub.cpython-38.pyc
[1.713s] running install_data
[1.714s] creating /home/user/ros2_ws/install/my_py_pkg/share/ament_index
[1.714s] creating /home/user/ros2_ws/install/my_py_pkg/share/ament_index/resource_index
[1.714s] creating /home/user/ros2_ws/install/my_py_pkg/share/ament_index/resource_index/packages
[1.714s] copying resource/my_py_pkg -> /home/user/ros2_ws/install/my_py_pkg/share/ament_index/resource_index/packages
[1.714s] copying package.xml -> /home/user/ros2_ws/install/my_py_pkg/share/my_py_pkg
[1.714s] running install_egg_info
[1.716s] Copying ../../build/my_py_pkg/my_py_pkg.egg-info to /home/user/ros2_ws/install/my_py_pkg/lib/python3.8/site-packages/my_py_pkg-0.0.0-py3.8.egg-info
[1.717s] running install_scripts
[1.732s] Installing my_publisher script to /home/user/ros2_ws/install/my_py_pkg/lib/my_py_pkg
[1.732s] Installing my_subscriber script to /home/user/ros2_ws/install/my_py_pkg/lib/my_py_pkg
[1.732s] writing list of installed files to '/home/user/ros2_ws/build/my_py_pkg/install.log'
[1.757s] Invoked command in '/home/user/ros2_ws/src/my_py_pkg' returned '0': PYTHONPATH=/home/user/ros2_ws/build/my_py_pkg/prefix_override:/home/user/ros2_ws/install/my_py_pkg/lib/python3.8/site-packages:${PYTHONPATH} /usr/bin/python3 setup.py egg_info --egg-base ../../build/my_py_pkg build --build-base /home/user/ros2_ws/build/my_py_pkg/build install --record /home/user/ros2_ws/build/my_py_pkg/install.log --install-scripts $base/lib/my_py_pkg --single-version-externally-managed
