[7.096s] DEBUG:colcon:Command line arguments: ['/usr/bin/colcon', 'build']
[7.097s] DEBUG:colcon:Parsed command line arguments: Namespace(allow_overriding=[], ament_cmake_args=None, base_paths=['.'], build_base='build', catkin_cmake_args=None, catkin_skip_building_tests=False, cmake_args=None, cmake_clean_cache=False, cmake_clean_first=False, cmake_force_configure=False, cmake_target=None, cmake_target_skip_unavailable=False, continue_on_error=False, event_handlers=None, executor='parallel', ignore_user_meta=False, install_base='install', log_base=None, log_level=None, main=<bound method BuildVerb.main of <colcon_core.verb.build.BuildVerb object at 0x7f68bf65fd30>>, merge_install=False, metas=['./colcon.meta'], packages_above=None, packages_above_and_dependencies=None, packages_above_depth=None, packages_end=None, packages_ignore=None, packages_ignore_regex=None, packages_select=None, packages_select_build_failed=False, packages_select_by_dep=None, packages_select_regex=None, packages_select_test_failures=False, packages_skip=None, packages_skip_build_finished=False, packages_skip_by_dep=None, packages_skip_regex=None, packages_skip_test_passed=False, packages_skip_up_to=None, packages_start=None, packages_up_to=None, packages_up_to_regex=None, parallel_workers=12, paths=None, symlink_install=False, test_result_base=None, verb_extension=<colcon_core.verb.build.BuildVerb object at 0x7f68bf65fd30>, verb_name='build', verb_parser=<colcon_defaults.argument_parser.defaults.DefaultArgumentsDecorator object at 0x7f68bf664d60>)
[7.371s] Level 1:colcon.colcon_core.package_discovery:discover_packages(colcon_meta) check parameters
[7.371s] Level 1:colcon.colcon_core.package_discovery:discover_packages(recursive) check parameters
[7.371s] Level 1:colcon.colcon_core.package_discovery:discover_packages(ignore) check parameters
[7.371s] Level 1:colcon.colcon_core.package_discovery:discover_packages(path) check parameters
[7.371s] Level 1:colcon.colcon_core.package_discovery:discover_packages(colcon_meta) discover
[7.371s] Level 1:colcon.colcon_core.package_discovery:discover_packages(recursive) discover
[7.371s] INFO:colcon.colcon_core.package_discovery:Crawling recursively for packages in '/home/user/ros2_ws'
[7.372s] Level 1:colcon.colcon_core.package_identification:_identify(.) by extensions ['ignore', 'ignore_ament_install']
[7.372s] Level 1:colcon.colcon_core.package_identification:_identify(.) by extension 'ignore'
[7.372s] Level 1:colcon.colcon_core.package_identification:_identify(.) by extension 'ignore_ament_install'
[7.372s] Level 1:colcon.colcon_core.package_identification:_identify(.) by extensions ['colcon_pkg']
[7.372s] Level 1:colcon.colcon_core.package_identification:_identify(.) by extension 'colcon_pkg'
[7.372s] Level 1:colcon.colcon_core.package_identification:_identify(.) by extensions ['colcon_meta']
[7.372s] Level 1:colcon.colcon_core.package_identification:_identify(.) by extension 'colcon_meta'
[7.372s] Level 1:colcon.colcon_core.package_identification:_identify(.) by extensions ['ros']
[7.372s] Level 1:colcon.colcon_core.package_identification:_identify(.) by extension 'ros'
[7.414s] Level 1:colcon.colcon_core.package_identification:_identify(.) by extensions ['cmake', 'python']
[7.414s] Level 1:colcon.colcon_core.package_identification:_identify(.) by extension 'cmake'
[7.414s] Level 1:colcon.colcon_core.package_identification:_identify(.) by extension 'python'
[7.414s] Level 1:colcon.colcon_core.package_identification:_identify(.) by extensions ['python_setup_py']
[7.414s] Level 1:colcon.colcon_core.package_identification:_identify(.) by extension 'python_setup_py'
[7.414s] Level 1:colcon.colcon_core.package_identification:_identify(build) by extensions ['ignore', 'ignore_ament_install']
[7.414s] Level 1:colcon.colcon_core.package_identification:_identify(build) by extension 'ignore'
[7.414s] Level 1:colcon.colcon_core.package_identification:_identify(build) ignored
[7.415s] Level 1:colcon.colcon_core.package_identification:_identify(install) by extensions ['ignore', 'ignore_ament_install']
[7.415s] Level 1:colcon.colcon_core.package_identification:_identify(install) by extension 'ignore'
[7.415s] Level 1:colcon.colcon_core.package_identification:_identify(install) ignored
[7.415s] Level 1:colcon.colcon_core.package_identification:_identify(log) by extensions ['ignore', 'ignore_ament_install']
[7.415s] Level 1:colcon.colcon_core.package_identification:_identify(log) by extension 'ignore'
[7.415s] Level 1:colcon.colcon_core.package_identification:_identify(log) ignored
[7.415s] Level 1:colcon.colcon_core.package_identification:_identify(src) by extensions ['ignore', 'ignore_ament_install']
[7.415s] Level 1:colcon.colcon_core.package_identification:_identify(src) by extension 'ignore'
[7.415s] Level 1:colcon.colcon_core.package_identification:_identify(src) by extension 'ignore_ament_install'
[7.415s] Level 1:colcon.colcon_core.package_identification:_identify(src) by extensions ['colcon_pkg']
[7.415s] Level 1:colcon.colcon_core.package_identification:_identify(src) by extension 'colcon_pkg'
[7.416s] Level 1:colcon.colcon_core.package_identification:_identify(src) by extensions ['colcon_meta']
[7.416s] Level 1:colcon.colcon_core.package_identification:_identify(src) by extension 'colcon_meta'
[7.416s] Level 1:colcon.colcon_core.package_identification:_identify(src) by extensions ['ros']
[7.416s] Level 1:colcon.colcon_core.package_identification:_identify(src) by extension 'ros'
[7.416s] Level 1:colcon.colcon_core.package_identification:_identify(src) by extensions ['cmake', 'python']
[7.416s] Level 1:colcon.colcon_core.package_identification:_identify(src) by extension 'cmake'
[7.416s] Level 1:colcon.colcon_core.package_identification:_identify(src) by extension 'python'
[7.416s] Level 1:colcon.colcon_core.package_identification:_identify(src) by extensions ['python_setup_py']
[7.416s] Level 1:colcon.colcon_core.package_identification:_identify(src) by extension 'python_setup_py'
[7.416s] Level 1:colcon.colcon_core.package_identification:_identify(src/my_py_pkg) by extensions ['ignore', 'ignore_ament_install']
[7.416s] Level 1:colcon.colcon_core.package_identification:_identify(src/my_py_pkg) by extension 'ignore'
[7.416s] Level 1:colcon.colcon_core.package_identification:_identify(src/my_py_pkg) by extension 'ignore_ament_install'
[7.416s] Level 1:colcon.colcon_core.package_identification:_identify(src/my_py_pkg) by extensions ['colcon_pkg']
[7.416s] Level 1:colcon.colcon_core.package_identification:_identify(src/my_py_pkg) by extension 'colcon_pkg'
[7.416s] Level 1:colcon.colcon_core.package_identification:_identify(src/my_py_pkg) by extensions ['colcon_meta']
[7.416s] Level 1:colcon.colcon_core.package_identification:_identify(src/my_py_pkg) by extension 'colcon_meta'
[7.416s] Level 1:colcon.colcon_core.package_identification:_identify(src/my_py_pkg) by extensions ['ros']
[7.417s] Level 1:colcon.colcon_core.package_identification:_identify(src/my_py_pkg) by extension 'ros'
[7.420s] DEBUG:colcon.colcon_core.package_identification:Package 'src/my_py_pkg' with type 'ros.ament_python' and name 'my_py_pkg'
[7.420s] Level 1:colcon.colcon_core.package_discovery:discover_packages(recursive) using defaults
[7.420s] Level 1:colcon.colcon_core.package_discovery:discover_packages(ignore) discover
[7.420s] Level 1:colcon.colcon_core.package_discovery:discover_packages(ignore) using defaults
[7.420s] Level 1:colcon.colcon_core.package_discovery:discover_packages(path) discover
[7.420s] Level 1:colcon.colcon_core.package_discovery:discover_packages(path) using defaults
[8.064s] Level 1:colcon.colcon_core.package_discovery:discover_packages(prefix_path) check parameters
[8.065s] Level 1:colcon.colcon_core.package_discovery:discover_packages(prefix_path) discover
[8.306s] DEBUG:colcon.colcon_installed_package_information.package_discovery:Found 1 installed packages in /home/user/ros2_ws/install
[8.425s] DEBUG:colcon.colcon_installed_package_information.package_discovery:Found 172 installed packages in /opt/ros/foxy
[8.426s] Level 1:colcon.colcon_core.package_discovery:discover_packages(prefix_path) using defaults
[8.726s] Level 5:colcon.colcon_core.verb:set package 'my_py_pkg' build argument 'cmake_args' from command line to 'None'
[8.726s] Level 5:colcon.colcon_core.verb:set package 'my_py_pkg' build argument 'cmake_target' from command line to 'None'
[8.726s] Level 5:colcon.colcon_core.verb:set package 'my_py_pkg' build argument 'cmake_target_skip_unavailable' from command line to 'False'
[8.726s] Level 5:colcon.colcon_core.verb:set package 'my_py_pkg' build argument 'cmake_clean_cache' from command line to 'False'
[8.726s] Level 5:colcon.colcon_core.verb:set package 'my_py_pkg' build argument 'cmake_clean_first' from command line to 'False'
[8.726s] Level 5:colcon.colcon_core.verb:set package 'my_py_pkg' build argument 'cmake_force_configure' from command line to 'False'
[8.726s] Level 5:colcon.colcon_core.verb:set package 'my_py_pkg' build argument 'ament_cmake_args' from command line to 'None'
[8.726s] Level 5:colcon.colcon_core.verb:set package 'my_py_pkg' build argument 'catkin_cmake_args' from command line to 'None'
[8.726s] Level 5:colcon.colcon_core.verb:set package 'my_py_pkg' build argument 'catkin_skip_building_tests' from command line to 'False'
[8.726s] DEBUG:colcon.colcon_core.verb:Building package 'my_py_pkg' with the following arguments: {'ament_cmake_args': None, 'build_base': '/home/user/ros2_ws/build/my_py_pkg', 'catkin_cmake_args': None, 'catkin_skip_building_tests': False, 'cmake_args': None, 'cmake_clean_cache': False, 'cmake_clean_first': False, 'cmake_force_configure': False, 'cmake_target': None, 'cmake_target_skip_unavailable': False, 'install_base': '/home/user/ros2_ws/install/my_py_pkg', 'merge_install': False, 'path': '/home/user/ros2_ws/src/my_py_pkg', 'symlink_install': False, 'test_result_base': None}
[8.841s] INFO:colcon.colcon_core.executor:Executing jobs using 'parallel' executor
[8.961s] DEBUG:colcon.colcon_parallel_executor.executor.parallel:run_until_complete
[8.961s] INFO:colcon.colcon_ros.task.ament_python.build:Building ROS package in '/home/user/ros2_ws/src/my_py_pkg' with build type 'ament_python'
[8.961s] Level 1:colcon.colcon_core.shell:create_environment_hook('my_py_pkg', 'ament_prefix_path')
[9.097s] INFO:colcon.colcon_core.plugin_system:Skipping extension 'colcon_core.shell.bat': Not used on non-Windows systems
[9.098s] INFO:colcon.colcon_core.shell:Creating environment hook '/home/user/ros2_ws/install/my_py_pkg/share/my_py_pkg/hook/ament_prefix_path.ps1'
[9.098s] INFO:colcon.colcon_core.shell:Creating environment descriptor '/home/user/ros2_ws/install/my_py_pkg/share/my_py_pkg/hook/ament_prefix_path.dsv'
[9.099s] INFO:colcon.colcon_core.shell:Creating environment hook '/home/user/ros2_ws/install/my_py_pkg/share/my_py_pkg/hook/ament_prefix_path.sh'
[9.226s] INFO:colcon.colcon_core.shell:Skip shell extension 'powershell' for command environment: Not usable outside of PowerShell
[9.226s] DEBUG:colcon.colcon_core.shell:Skip shell extension 'dsv' for command environment
[9.848s] INFO:colcon.colcon_core.task.python.build:Building Python package in '/home/user/ros2_ws/src/my_py_pkg'
[9.986s] INFO:colcon.colcon_core.shell:Skip shell extension 'powershell' for command environment: Not usable outside of PowerShell
[9.986s] DEBUG:colcon.colcon_core.shell:Skip shell extension 'dsv' for command environment
[10.845s] DEBUG:colcon.colcon_core.event_handler.log_command:Invoking command in '/home/user/ros2_ws/src/my_py_pkg': PYTHONPATH=/home/user/ros2_ws/build/my_py_pkg/prefix_override:/home/user/ros2_ws/install/my_py_pkg/lib/python3.8/site-packages:${PYTHONPATH} /usr/bin/python3 setup.py egg_info --egg-base ../../build/my_py_pkg build --build-base /home/user/ros2_ws/build/my_py_pkg/build install --record /home/user/ros2_ws/build/my_py_pkg/install.log --install-scripts $base/lib/my_py_pkg --single-version-externally-managed
[11.121s] DEBUG:colcon.colcon_core.event_handler.log_command:Invoked command in '/home/user/ros2_ws/src/my_py_pkg' returned '0': PYTHONPATH=/home/user/ros2_ws/build/my_py_pkg/prefix_override:/home/user/ros2_ws/install/my_py_pkg/lib/python3.8/site-packages:${PYTHONPATH} /usr/bin/python3 setup.py egg_info --egg-base ../../build/my_py_pkg build --build-base /home/user/ros2_ws/build/my_py_pkg/build install --record /home/user/ros2_ws/build/my_py_pkg/install.log --install-scripts $base/lib/my_py_pkg --single-version-externally-managed
[11.243s] Level 1:colcon.colcon_core.environment:checking '/home/user/ros2_ws/install/my_py_pkg' for CMake module files
[11.244s] Level 1:colcon.colcon_core.environment:checking '/home/user/ros2_ws/install/my_py_pkg' for CMake config files
[11.246s] Level 1:colcon.colcon_core.environment:checking '/home/user/ros2_ws/install/my_py_pkg/lib'
[11.246s] Level 1:colcon.colcon_core.environment:checking '/home/user/ros2_ws/install/my_py_pkg/bin'
[11.246s] Level 1:colcon.colcon_core.environment:checking '/home/user/ros2_ws/install/my_py_pkg/lib/pkgconfig/my_py_pkg.pc'
[11.246s] Level 1:colcon.colcon_core.environment:checking '/home/user/ros2_ws/install/my_py_pkg/lib/python3.8/site-packages'
[11.246s] Level 1:colcon.colcon_core.shell:create_environment_hook('my_py_pkg', 'pythonpath')
[11.392s] INFO:colcon.colcon_core.shell:Creating environment hook '/home/user/ros2_ws/install/my_py_pkg/share/my_py_pkg/hook/pythonpath.ps1'
[11.393s] INFO:colcon.colcon_core.shell:Creating environment descriptor '/home/user/ros2_ws/install/my_py_pkg/share/my_py_pkg/hook/pythonpath.dsv'
[11.393s] INFO:colcon.colcon_core.shell:Creating environment hook '/home/user/ros2_ws/install/my_py_pkg/share/my_py_pkg/hook/pythonpath.sh'
[11.393s] Level 1:colcon.colcon_core.environment:checking '/home/user/ros2_ws/install/my_py_pkg/bin'
[11.393s] Level 1:colcon.colcon_core.environment:create_environment_scripts_only(my_py_pkg)
[11.534s] INFO:colcon.colcon_core.shell:Creating package script '/home/user/ros2_ws/install/my_py_pkg/share/my_py_pkg/package.ps1'
[11.536s] INFO:colcon.colcon_core.shell:Creating package descriptor '/home/user/ros2_ws/install/my_py_pkg/share/my_py_pkg/package.dsv'
[11.536s] INFO:colcon.colcon_core.shell:Creating package script '/home/user/ros2_ws/install/my_py_pkg/share/my_py_pkg/package.sh'
[11.537s] INFO:colcon.colcon_core.shell:Creating package script '/home/user/ros2_ws/install/my_py_pkg/share/my_py_pkg/package.bash'
[11.538s] INFO:colcon.colcon_core.shell:Creating package script '/home/user/ros2_ws/install/my_py_pkg/share/my_py_pkg/package.zsh'
[11.539s] Level 1:colcon.colcon_core.environment:create_file_with_runtime_dependencies(/home/user/ros2_ws/install/my_py_pkg/share/colcon-core/packages/my_py_pkg)
[11.540s] DEBUG:colcon.colcon_parallel_executor.executor.parallel:closing loop
[11.540s] DEBUG:colcon.colcon_parallel_executor.executor.parallel:loop closed
[11.540s] DEBUG:colcon.colcon_parallel_executor.executor.parallel:run_until_complete finished with '0'
[11.540s] DEBUG:colcon.colcon_core.event_reactor:joining thread
[11.719s] INFO:colcon.colcon_core.plugin_system:Skipping extension 'colcon_notification.desktop_notification.notify_send': Could not find 'notify-send'
[11.720s] INFO:colcon.colcon_core.plugin_system:Skipping extension 'colcon_notification.desktop_notification.terminal_notifier': Not used on non-Darwin systems
[11.720s] INFO:colcon.colcon_core.plugin_system:Skipping extension 'colcon_notification.desktop_notification.win32': Not used on non-Windows systems
[11.720s] INFO:colcon.colcon_notification.desktop_notification:Sending desktop notification using 'notify2'
[11.722s] DEBUG:colcon.colcon_notification.desktop_notification.notify2:Failed to initialize notify2: org.freedesktop.DBus.Error.Spawn.ExecFailed: /usr/bin/dbus-launch terminated abnormally without any error message
[11.723s] DEBUG:colcon.colcon_core.event_reactor:joined thread
[11.868s] INFO:colcon.colcon_core.shell:Creating prefix script '/home/user/ros2_ws/install/local_setup.ps1'
[11.870s] INFO:colcon.colcon_core.shell:Creating prefix util module '/home/user/ros2_ws/install/_local_setup_util_ps1.py'
[11.871s] INFO:colcon.colcon_core.shell:Creating prefix chain script '/home/user/ros2_ws/install/setup.ps1'
[12.009s] INFO:colcon.colcon_core.shell:Creating prefix script '/home/user/ros2_ws/install/local_setup.sh'
[12.010s] INFO:colcon.colcon_core.shell:Creating prefix util module '/home/user/ros2_ws/install/_local_setup_util_sh.py'
[12.010s] INFO:colcon.colcon_core.shell:Creating prefix chain script '/home/user/ros2_ws/install/setup.sh'
[12.137s] INFO:colcon.colcon_core.shell:Creating prefix script '/home/user/ros2_ws/install/local_setup.bash'
[12.138s] INFO:colcon.colcon_core.shell:Creating prefix chain script '/home/user/ros2_ws/install/setup.bash'
[12.263s] INFO:colcon.colcon_core.shell:Creating prefix script '/home/user/ros2_ws/install/local_setup.zsh'
[12.264s] INFO:colcon.colcon_core.shell:Creating prefix chain script '/home/user/ros2_ws/install/setup.zsh'
