[1.820s] Invoking command in '/home/user/ros2_ws/src/my_py_pkg': PYTHONPATH=/home/user/ros2_ws/build/my_py_pkg/prefix_override:/home/user/ros2_ws/install/my_py_pkg/lib/python3.8/site-packages:${PYTHONPATH} /usr/bin/python3 setup.py egg_info --egg-base ../../build/my_py_pkg build --build-base /home/user/ros2_ws/build/my_py_pkg/build install --record /home/user/ros2_ws/build/my_py_pkg/install.log --install-scripts $base/lib/my_py_pkg --single-version-externally-managed
[2.051s] running egg_info
[2.052s] writing ../../build/my_py_pkg/my_py_pkg.egg-info/PKG-INFO
[2.053s] writing dependency_links to ../../build/my_py_pkg/my_py_pkg.egg-info/dependency_links.txt
[2.053s] writing entry points to ../../build/my_py_pkg/my_py_pkg.egg-info/entry_points.txt
[2.053s] writing requirements to ../../build/my_py_pkg/my_py_pkg.egg-info/requires.txt
[2.053s] writing top-level names to ../../build/my_py_pkg/my_py_pkg.egg-info/top_level.txt
[2.106s] reading manifest file '../../build/my_py_pkg/my_py_pkg.egg-info/SOURCES.txt'
[2.107s] writing manifest file '../../build/my_py_pkg/my_py_pkg.egg-info/SOURCES.txt'
[2.108s] running build
[2.108s] running build_py
[2.108s] copying my_py_pkg/__init__.py -> /home/user/ros2_ws/build/my_py_pkg/build/lib/my_py_pkg
[2.108s] running install
[2.110s] running install_lib
[2.112s] copying /home/user/ros2_ws/build/my_py_pkg/build/lib/my_py_pkg/__init__.py -> /home/user/ros2_ws/install/my_py_pkg/lib/python3.8/site-packages/my_py_pkg
[2.113s] byte-compiling /home/user/ros2_ws/install/my_py_pkg/lib/python3.8/site-packages/my_py_pkg/__init__.py to __init__.cpython-38.pyc
[2.114s] running install_data
[2.115s] copying resource/my_py_pkg -> /home/user/ros2_ws/install/my_py_pkg/share/ament_index/resource_index/packages
[2.116s] copying package.xml -> /home/user/ros2_ws/install/my_py_pkg/share/my_py_pkg
[2.116s] running install_egg_info
[2.118s] removing '/home/user/ros2_ws/install/my_py_pkg/lib/python3.8/site-packages/my_py_pkg-0.0.0-py3.8.egg-info' (and everything under it)
[2.119s] Copying ../../build/my_py_pkg/my_py_pkg.egg-info to /home/user/ros2_ws/install/my_py_pkg/lib/python3.8/site-packages/my_py_pkg-0.0.0-py3.8.egg-info
[2.120s] running install_scripts
[2.145s] writing list of installed files to '/home/user/ros2_ws/build/my_py_pkg/install.log'
[2.169s] Invoked command in '/home/user/ros2_ws/src/my_py_pkg' returned '0': PYTHONPATH=/home/user/ros2_ws/build/my_py_pkg/prefix_override:/home/user/ros2_ws/install/my_py_pkg/lib/python3.8/site-packages:${PYTHONPATH} /usr/bin/python3 setup.py egg_info --egg-base ../../build/my_py_pkg build --build-base /home/user/ros2_ws/build/my_py_pkg/build install --record /home/user/ros2_ws/build/my_py_pkg/install.log --install-scripts $base/lib/my_py_pkg --single-version-externally-managed
