[1.733s] Invoking command in '/home/user/ros2_ws/src/my_py_pkg': PYTHONPATH=/home/user/ros2_ws/build/my_py_pkg/prefix_override:/home/user/ros2_ws/install/my_py_pkg/lib/python3.8/site-packages:${PYTHONPATH} /usr/bin/python3 setup.py egg_info --egg-base ../../build/my_py_pkg build --build-base /home/user/ros2_ws/build/my_py_pkg/build install --record /home/user/ros2_ws/build/my_py_pkg/install.log --install-scripts $base/lib/my_py_pkg --single-version-externally-managed
[1.925s] running egg_info
[1.925s] writing ../../build/my_py_pkg/my_py_pkg.egg-info/PKG-INFO
[1.925s] writing dependency_links to ../../build/my_py_pkg/my_py_pkg.egg-info/dependency_links.txt
[1.926s] writing entry points to ../../build/my_py_pkg/my_py_pkg.egg-info/entry_points.txt
[1.926s] writing requirements to ../../build/my_py_pkg/my_py_pkg.egg-info/requires.txt
[1.926s] writing top-level names to ../../build/my_py_pkg/my_py_pkg.egg-info/top_level.txt
[1.954s] reading manifest file '../../build/my_py_pkg/my_py_pkg.egg-info/SOURCES.txt'
[1.955s] writing manifest file '../../build/my_py_pkg/my_py_pkg.egg-info/SOURCES.txt'
[1.955s] running build
[1.955s] running build_py
[1.955s] copying my_py_pkg/saveImage.py -> /home/user/ros2_ws/build/my_py_pkg/build/lib/my_py_pkg
[1.955s] running install
[1.956s] running install_lib
[1.957s] copying /home/user/ros2_ws/build/my_py_pkg/build/lib/my_py_pkg/saveImage.py -> /home/user/ros2_ws/install/my_py_pkg/lib/python3.8/site-packages/my_py_pkg
[1.958s] byte-compiling /home/user/ros2_ws/install/my_py_pkg/lib/python3.8/site-packages/my_py_pkg/saveImage.py to saveImage.cpython-38.pyc
[1.959s] running install_data
[1.959s] running install_egg_info
[1.961s] removing '/home/user/ros2_ws/install/my_py_pkg/lib/python3.8/site-packages/my_py_pkg-0.0.0-py3.8.egg-info' (and everything under it)
[1.961s] Copying ../../build/my_py_pkg/my_py_pkg.egg-info to /home/user/ros2_ws/install/my_py_pkg/lib/python3.8/site-packages/my_py_pkg-0.0.0-py3.8.egg-info
[1.962s] running install_scripts
[1.975s] Installing my_pub script to /home/user/ros2_ws/install/my_py_pkg/lib/my_py_pkg
[1.975s] Installing my_sub script to /home/user/ros2_ws/install/my_py_pkg/lib/my_py_pkg
[1.975s] Installing save_image2video script to /home/user/ros2_ws/install/my_py_pkg/lib/my_py_pkg
[1.975s] Installing save_point_Cloud script to /home/user/ros2_ws/install/my_py_pkg/lib/my_py_pkg
[1.975s] writing list of installed files to '/home/user/ros2_ws/build/my_py_pkg/install.log'
[1.990s] Invoked command in '/home/user/ros2_ws/src/my_py_pkg' returned '0': PYTHONPATH=/home/user/ros2_ws/build/my_py_pkg/prefix_override:/home/user/ros2_ws/install/my_py_pkg/lib/python3.8/site-packages:${PYTHONPATH} /usr/bin/python3 setup.py egg_info --egg-base ../../build/my_py_pkg build --build-base /home/user/ros2_ws/build/my_py_pkg/build install --record /home/user/ros2_ws/build/my_py_pkg/install.log --install-scripts $base/lib/my_py_pkg --single-version-externally-managed
