[1.124s] Invoking command in '/home/user/ros2_ws/src/my_py_pkg': PYTHONPATH=/home/user/ros2_ws/build/my_py_pkg/prefix_override:/home/user/ros2_ws/install/my_py_pkg/lib/python3.8/site-packages:${PYTHONPATH} /usr/bin/python3 setup.py egg_info --egg-base ../../build/my_py_pkg build --build-base /home/user/ros2_ws/build/my_py_pkg/build install --record /home/user/ros2_ws/build/my_py_pkg/install.log --install-scripts $base/lib/my_py_pkg --single-version-externally-managed
[1.273s] running egg_info
[1.273s] writing ../../build/my_py_pkg/my_py_pkg.egg-info/PKG-INFO
[1.274s] writing dependency_links to ../../build/my_py_pkg/my_py_pkg.egg-info/dependency_links.txt
[1.274s] writing entry points to ../../build/my_py_pkg/my_py_pkg.egg-info/entry_points.txt
[1.274s] writing requirements to ../../build/my_py_pkg/my_py_pkg.egg-info/requires.txt
[1.274s] writing top-level names to ../../build/my_py_pkg/my_py_pkg.egg-info/top_level.txt
[1.302s] reading manifest file '../../build/my_py_pkg/my_py_pkg.egg-info/SOURCES.txt'
[1.302s] writing manifest file '../../build/my_py_pkg/my_py_pkg.egg-info/SOURCES.txt'
[1.303s] running build
[1.303s] running build_py
[1.303s] copying my_py_pkg/saveImage.py -> /home/user/ros2_ws/build/my_py_pkg/build/lib/my_py_pkg
[1.303s] running install
[1.304s] running install_lib
[1.305s] copying /home/user/ros2_ws/build/my_py_pkg/build/lib/my_py_pkg/saveImage.py -> /home/user/ros2_ws/install/my_py_pkg/lib/python3.8/site-packages/my_py_pkg
[1.306s] byte-compiling /home/user/ros2_ws/install/my_py_pkg/lib/python3.8/site-packages/my_py_pkg/saveImage.py to saveImage.cpython-38.pyc
[1.307s] running install_data
[1.308s] running install_egg_info
[1.309s] removing '/home/user/ros2_ws/install/my_py_pkg/lib/python3.8/site-packages/my_py_pkg-0.0.0-py3.8.egg-info' (and everything under it)
[1.309s] Copying ../../build/my_py_pkg/my_py_pkg.egg-info to /home/user/ros2_ws/install/my_py_pkg/lib/python3.8/site-packages/my_py_pkg-0.0.0-py3.8.egg-info
[1.310s] running install_scripts
[1.325s] Installing my_pub script to /home/user/ros2_ws/install/my_py_pkg/lib/my_py_pkg
[1.325s] Installing my_sub script to /home/user/ros2_ws/install/my_py_pkg/lib/my_py_pkg
[1.325s] Installing save_image2video script to /home/user/ros2_ws/install/my_py_pkg/lib/my_py_pkg
[1.326s] writing list of installed files to '/home/user/ros2_ws/build/my_py_pkg/install.log'
[1.343s] Invoked command in '/home/user/ros2_ws/src/my_py_pkg' returned '0': PYTHONPATH=/home/user/ros2_ws/build/my_py_pkg/prefix_override:/home/user/ros2_ws/install/my_py_pkg/lib/python3.8/site-packages:${PYTHONPATH} /usr/bin/python3 setup.py egg_info --egg-base ../../build/my_py_pkg build --build-base /home/user/ros2_ws/build/my_py_pkg/build install --record /home/user/ros2_ws/build/my_py_pkg/install.log --install-scripts $base/lib/my_py_pkg --single-version-externally-managed
