[6.587s] DEBUG:colcon:Command line arguments: ['/usr/bin/colcon', 'build', '--packages-select', 'get_nodo_date', '--symlink-install']
[6.587s] DEBUG:colcon:Parsed command line arguments: Namespace(allow_overriding=[], ament_cmake_args=None, base_paths=['.'], build_base='build', catkin_cmake_args=None, catkin_skip_building_tests=False, cmake_args=None, cmake_clean_cache=False, cmake_clean_first=False, cmake_force_configure=False, cmake_target=None, cmake_target_skip_unavailable=False, continue_on_error=False, event_handlers=None, executor='parallel', ignore_user_meta=False, install_base='install', log_base=None, log_level=None, main=<bound method BuildVerb.main of <colcon_core.verb.build.BuildVerb object at 0x7fe422ac36d0>>, merge_install=False, metas=['./colcon.meta'], packages_above=None, packages_above_and_dependencies=None, packages_above_depth=None, packages_end=None, packages_ignore=None, packages_ignore_regex=None, packages_select=['get_nodo_date'], packages_select_build_failed=False, packages_select_by_dep=None, packages_select_regex=None, packages_select_test_failures=False, packages_skip=None, packages_skip_build_finished=False, packages_skip_by_dep=None, packages_skip_regex=None, packages_skip_test_passed=False, packages_skip_up_to=None, packages_start=None, packages_up_to=None, packages_up_to_regex=None, parallel_workers=12, paths=None, symlink_install=True, test_result_base=None, verb_extension=<colcon_core.verb.build.BuildVerb object at 0x7fe422ac36d0>, verb_name='build', verb_parser=<colcon_defaults.argument_parser.defaults.DefaultArgumentsDecorator object at 0x7fe421f21850>)
[6.842s] Level 1:colcon.colcon_core.package_discovery:discover_packages(colcon_meta) check parameters
[6.842s] Level 1:colcon.colcon_core.package_discovery:discover_packages(recursive) check parameters
[6.842s] Level 1:colcon.colcon_core.package_discovery:discover_packages(ignore) check parameters
[6.842s] Level 1:colcon.colcon_core.package_discovery:discover_packages(path) check parameters
[6.842s] Level 1:colcon.colcon_core.package_discovery:discover_packages(colcon_meta) discover
[6.843s] Level 1:colcon.colcon_core.package_discovery:discover_packages(recursive) discover
[6.843s] INFO:colcon.colcon_core.package_discovery:Crawling recursively for packages in '/home/user/ros2_ws'
[6.843s] Level 1:colcon.colcon_core.package_identification:_identify(.) by extensions ['ignore', 'ignore_ament_install']
[6.843s] Level 1:colcon.colcon_core.package_identification:_identify(.) by extension 'ignore'
[6.843s] Level 1:colcon.colcon_core.package_identification:_identify(.) by extension 'ignore_ament_install'
[6.843s] Level 1:colcon.colcon_core.package_identification:_identify(.) by extensions ['colcon_pkg']
[6.843s] Level 1:colcon.colcon_core.package_identification:_identify(.) by extension 'colcon_pkg'
[6.843s] Level 1:colcon.colcon_core.package_identification:_identify(.) by extensions ['colcon_meta']
[6.843s] Level 1:colcon.colcon_core.package_identification:_identify(.) by extension 'colcon_meta'
[6.843s] Level 1:colcon.colcon_core.package_identification:_identify(.) by extensions ['ros']
[6.843s] Level 1:colcon.colcon_core.package_identification:_identify(.) by extension 'ros'
[6.860s] Level 1:colcon.colcon_core.package_identification:_identify(.) by extensions ['cmake', 'python']
[6.860s] Level 1:colcon.colcon_core.package_identification:_identify(.) by extension 'cmake'
[6.860s] Level 1:colcon.colcon_core.package_identification:_identify(.) by extension 'python'
[6.861s] Level 1:colcon.colcon_core.package_identification:_identify(.) by extensions ['python_setup_py']
[6.861s] Level 1:colcon.colcon_core.package_identification:_identify(.) by extension 'python_setup_py'
[6.861s] Level 1:colcon.colcon_core.package_identification:_identify(build) by extensions ['ignore', 'ignore_ament_install']
[6.861s] Level 1:colcon.colcon_core.package_identification:_identify(build) by extension 'ignore'
[6.861s] Level 1:colcon.colcon_core.package_identification:_identify(build) ignored
[6.861s] Level 1:colcon.colcon_core.package_identification:_identify(install) by extensions ['ignore', 'ignore_ament_install']
[6.861s] Level 1:colcon.colcon_core.package_identification:_identify(install) by extension 'ignore'
[6.861s] Level 1:colcon.colcon_core.package_identification:_identify(install) ignored
[6.861s] Level 1:colcon.colcon_core.package_identification:_identify(log) by extensions ['ignore', 'ignore_ament_install']
[6.861s] Level 1:colcon.colcon_core.package_identification:_identify(log) by extension 'ignore'
[6.861s] Level 1:colcon.colcon_core.package_identification:_identify(log) ignored
[6.861s] Level 1:colcon.colcon_core.package_identification:_identify(src) by extensions ['ignore', 'ignore_ament_install']
[6.861s] Level 1:colcon.colcon_core.package_identification:_identify(src) by extension 'ignore'
[6.862s] Level 1:colcon.colcon_core.package_identification:_identify(src) by extension 'ignore_ament_install'
[6.862s] Level 1:colcon.colcon_core.package_identification:_identify(src) by extensions ['colcon_pkg']
[6.862s] Level 1:colcon.colcon_core.package_identification:_identify(src) by extension 'colcon_pkg'
[6.862s] Level 1:colcon.colcon_core.package_identification:_identify(src) by extensions ['colcon_meta']
[6.862s] Level 1:colcon.colcon_core.package_identification:_identify(src) by extension 'colcon_meta'
[6.862s] Level 1:colcon.colcon_core.package_identification:_identify(src) by extensions ['ros']
[6.862s] Level 1:colcon.colcon_core.package_identification:_identify(src) by extension 'ros'
[6.862s] Level 1:colcon.colcon_core.package_identification:_identify(src) by extensions ['cmake', 'python']
[6.862s] Level 1:colcon.colcon_core.package_identification:_identify(src) by extension 'cmake'
[6.862s] Level 1:colcon.colcon_core.package_identification:_identify(src) by extension 'python'
[6.862s] Level 1:colcon.colcon_core.package_identification:_identify(src) by extensions ['python_setup_py']
[6.862s] Level 1:colcon.colcon_core.package_identification:_identify(src) by extension 'python_setup_py'
[6.862s] Level 1:colcon.colcon_core.package_identification:_identify(src/get_node_data) by extensions ['ignore', 'ignore_ament_install']
[6.862s] Level 1:colcon.colcon_core.package_identification:_identify(src/get_node_data) by extension 'ignore'
[6.862s] Level 1:colcon.colcon_core.package_identification:_identify(src/get_node_data) by extension 'ignore_ament_install'
[6.862s] Level 1:colcon.colcon_core.package_identification:_identify(src/get_node_data) by extensions ['colcon_pkg']
[6.862s] Level 1:colcon.colcon_core.package_identification:_identify(src/get_node_data) by extension 'colcon_pkg'
[6.862s] Level 1:colcon.colcon_core.package_identification:_identify(src/get_node_data) by extensions ['colcon_meta']
[6.862s] Level 1:colcon.colcon_core.package_identification:_identify(src/get_node_data) by extension 'colcon_meta'
[6.862s] Level 1:colcon.colcon_core.package_identification:_identify(src/get_node_data) by extensions ['ros']
[6.862s] Level 1:colcon.colcon_core.package_identification:_identify(src/get_node_data) by extension 'ros'
[6.864s] DEBUG:colcon.colcon_core.package_identification:Package 'src/get_node_data' with type 'ros.ament_cmake' and name 'get_node_data'
[6.864s] Level 1:colcon.colcon_core.package_identification:_identify(src/my_py_pkg) by extensions ['ignore', 'ignore_ament_install']
[6.865s] Level 1:colcon.colcon_core.package_identification:_identify(src/my_py_pkg) by extension 'ignore'
[6.865s] Level 1:colcon.colcon_core.package_identification:_identify(src/my_py_pkg) by extension 'ignore_ament_install'
[6.865s] Level 1:colcon.colcon_core.package_identification:_identify(src/my_py_pkg) by extensions ['colcon_pkg']
[6.865s] Level 1:colcon.colcon_core.package_identification:_identify(src/my_py_pkg) by extension 'colcon_pkg'
[6.865s] Level 1:colcon.colcon_core.package_identification:_identify(src/my_py_pkg) by extensions ['colcon_meta']
[6.865s] Level 1:colcon.colcon_core.package_identification:_identify(src/my_py_pkg) by extension 'colcon_meta'
[6.865s] Level 1:colcon.colcon_core.package_identification:_identify(src/my_py_pkg) by extensions ['ros']
[6.865s] Level 1:colcon.colcon_core.package_identification:_identify(src/my_py_pkg) by extension 'ros'
[6.865s] DEBUG:colcon.colcon_core.package_identification:Package 'src/my_py_pkg' with type 'ros.ament_python' and name 'my_py_pkg'
[6.865s] Level 1:colcon.colcon_core.package_discovery:discover_packages(recursive) using defaults
[6.865s] Level 1:colcon.colcon_core.package_discovery:discover_packages(ignore) discover
[6.865s] Level 1:colcon.colcon_core.package_discovery:discover_packages(ignore) using defaults
[6.865s] Level 1:colcon.colcon_core.package_discovery:discover_packages(path) discover
[6.865s] Level 1:colcon.colcon_core.package_discovery:discover_packages(path) using defaults
[6.983s] WARNING:colcon.colcon_core.package_selection:ignoring unknown package 'get_nodo_date' in --packages-select
[7.265s] INFO:colcon.colcon_core.package_selection:Skipping not selected package 'get_node_data' in 'src/get_node_data'
[7.265s] INFO:colcon.colcon_core.package_selection:Skipping not selected package 'my_py_pkg' in 'src/my_py_pkg'
[7.495s] Level 1:colcon.colcon_core.package_discovery:discover_packages(prefix_path) check parameters
[7.495s] Level 1:colcon.colcon_core.package_discovery:discover_packages(prefix_path) discover
[7.721s] DEBUG:colcon.colcon_installed_package_information.package_discovery:Found 1 installed packages in /home/user/ros2_ws/install
[7.836s] DEBUG:colcon.colcon_installed_package_information.package_discovery:Found 172 installed packages in /opt/ros/foxy
[7.837s] Level 1:colcon.colcon_core.package_discovery:discover_packages(prefix_path) using defaults
[8.100s] INFO:colcon.colcon_core.executor:Executing jobs using 'parallel' executor
[8.211s] DEBUG:colcon.colcon_parallel_executor.executor.parallel:run_until_complete
[8.211s] DEBUG:colcon.colcon_parallel_executor.executor.parallel:closing loop
[8.211s] DEBUG:colcon.colcon_parallel_executor.executor.parallel:loop closed
[8.211s] DEBUG:colcon.colcon_parallel_executor.executor.parallel:run_until_complete finished with '0'
[8.211s] DEBUG:colcon.colcon_core.event_reactor:joining thread
[8.329s] INFO:colcon.colcon_core.plugin_system:Skipping extension 'colcon_notification.desktop_notification.notify_send': Could not find 'notify-send'
[8.329s] INFO:colcon.colcon_core.plugin_system:Skipping extension 'colcon_notification.desktop_notification.terminal_notifier': Not used on non-Darwin systems
[8.329s] INFO:colcon.colcon_core.plugin_system:Skipping extension 'colcon_notification.desktop_notification.win32': Not used on non-Windows systems
[8.329s] INFO:colcon.colcon_notification.desktop_notification:Sending desktop notification using 'notify2'
[8.331s] DEBUG:colcon.colcon_notification.desktop_notification.notify2:Failed to initialize notify2: org.freedesktop.DBus.Error.Spawn.ExecFailed: /usr/bin/dbus-launch terminated abnormally without any error message
[8.331s] DEBUG:colcon.colcon_core.event_reactor:joined thread
[8.443s] INFO:colcon.colcon_core.plugin_system:Skipping extension 'colcon_core.shell.bat': Not used on non-Windows systems
[8.443s] INFO:colcon.colcon_core.shell:Creating prefix script '/home/user/ros2_ws/install/local_setup.ps1'
[8.444s] INFO:colcon.colcon_core.shell:Creating prefix util module '/home/user/ros2_ws/install/_local_setup_util_ps1.py'
[8.445s] INFO:colcon.colcon_core.shell:Creating prefix chain script '/home/user/ros2_ws/install/setup.ps1'
[8.558s] INFO:colcon.colcon_core.shell:Creating prefix script '/home/user/ros2_ws/install/local_setup.sh'
[8.559s] INFO:colcon.colcon_core.shell:Creating prefix util module '/home/user/ros2_ws/install/_local_setup_util_sh.py'
[8.559s] INFO:colcon.colcon_core.shell:Creating prefix chain script '/home/user/ros2_ws/install/setup.sh'
[8.672s] INFO:colcon.colcon_core.shell:Creating prefix script '/home/user/ros2_ws/install/local_setup.bash'
[8.673s] INFO:colcon.colcon_core.shell:Creating prefix chain script '/home/user/ros2_ws/install/setup.bash'
[8.786s] INFO:colcon.colcon_core.shell:Creating prefix script '/home/user/ros2_ws/install/local_setup.zsh'
[8.786s] INFO:colcon.colcon_core.shell:Creating prefix chain script '/home/user/ros2_ws/install/setup.zsh'
