[0.477s] Invoking command in '/home/user/ros2_ws/build/get_node_data': CMAKE_PREFIX_PATH=/home/user/ros2_ws/install/my_py_pkg:/opt/ros/foxy /usr/bin/cmake /home/user/ros2_ws/src/get_node_data -DAMENT_CMAKE_SYMLINK_INSTALL=1 -DCMAKE_INSTALL_PREFIX=/home/user/ros2_ws/install/get_node_data
[0.723s] -- The C compiler identification is GNU 9.4.0
[0.886s] -- The CXX compiler identification is GNU 9.4.0
[0.894s] -- Check for working C compiler: /usr/bin/cc
[0.957s] -- Check for working C compiler: /usr/bin/cc -- works
[0.959s] -- Detecting C compiler ABI info
[1.014s] -- Detecting C compiler ABI info - done
[1.024s] -- Detecting C compile features
[1.024s] -- Detecting C compile features - done
[1.027s] -- Check for working CXX compiler: /usr/bin/c++
[1.087s] -- Check for working CXX compiler: /usr/bin/c++ -- works
[1.088s] -- Detecting CXX compiler ABI info
[1.148s] -- Detecting CXX compiler ABI info - done
[1.157s] -- Detecting CXX compile features
[1.158s] -- Detecting CXX compile features - done
[1.169s] -- Found ament_cmake: 0.9.12 (/opt/ros/foxy/share/ament_cmake/cmake)
[1.234s] -- Found PythonInterp: /home/user/miniconda/bin/python3 (found suitable version "3.8.3", minimum required is "3") 
[1.234s] -- Using PYTHON_EXECUTABLE: /home/user/miniconda/bin/python3
[1.453s] -- Override CMake install command with custom implementation using symlinks instead of copying resources
[1.481s] -- Found ament_lint_auto: 0.9.8 (/opt/ros/foxy/share/ament_lint_auto/cmake)
[1.510s] Traceback (most recent call last):
[1.510s]   File "/opt/ros/foxy/share/ament_cmake_core/cmake/core/package_xml_2_cmake.py", line 21, in <module>
[1.510s]     from catkin_pkg.package import parse_package_string
[1.510s] ModuleNotFoundError: No module named 'catkin_pkg'
[1.514s] CMake Error at /opt/ros/foxy/share/ament_cmake_core/cmake/core/ament_package_xml.cmake:94 (message):
[1.514s]   execute_process(/home/user/miniconda/bin/python3
[1.514s]   /opt/ros/foxy/share/ament_cmake_core/cmake/core/package_xml_2_cmake.py
[1.514s]   /home/user/ros2_ws/src/get_node_data/package.xml
[1.514s]   /home/user/ros2_ws/build/get_node_data/ament_cmake_core/package.cmake)
[1.514s]   returned error code 1
[1.514s] Call Stack (most recent call first):
[1.514s]   /opt/ros/foxy/share/ament_cmake_core/cmake/core/ament_package_xml.cmake:49 (_ament_package_xml)
[1.514s]   /opt/ros/foxy/share/ament_lint_auto/cmake/ament_lint_auto_find_test_dependencies.cmake:31 (ament_package_xml)
[1.514s]   CMakeLists.txt:32 (ament_lint_auto_find_test_dependencies)
[1.514s] 
[1.514s] 
[1.515s] -- Configuring incomplete, errors occurred!
[1.515s] See also "/home/user/ros2_ws/build/get_node_data/CMakeFiles/CMakeOutput.log".
[1.519s] Invoked command in '/home/user/ros2_ws/build/get_node_data' returned '1': CMAKE_PREFIX_PATH=/home/user/ros2_ws/install/my_py_pkg:/opt/ros/foxy /usr/bin/cmake /home/user/ros2_ws/src/get_node_data -DAMENT_CMAKE_SYMLINK_INSTALL=1 -DCMAKE_INSTALL_PREFIX=/home/user/ros2_ws/install/get_node_data
