[1.909s] Invoking command in '/home/user/ros2_ws/src/my_py_pkg': PYTHONPATH=/home/user/ros2_ws/build/my_py_pkg/prefix_override:/home/user/ros2_ws/install/my_py_pkg/lib/python3.8/site-packages:${PYTHONPATH} /usr/bin/python3 setup.py egg_info --egg-base ../../build/my_py_pkg build --build-base /home/user/ros2_ws/build/my_py_pkg/build install --record /home/user/ros2_ws/build/my_py_pkg/install.log --install-scripts $base/lib/my_py_pkg --single-version-externally-managed
[2.111s] running egg_info
[2.112s] writing ../../build/my_py_pkg/my_py_pkg.egg-info/PKG-INFO
[2.112s] writing dependency_links to ../../build/my_py_pkg/my_py_pkg.egg-info/dependency_links.txt
[2.113s] writing entry points to ../../build/my_py_pkg/my_py_pkg.egg-info/entry_points.txt
[2.113s] writing requirements to ../../build/my_py_pkg/my_py_pkg.egg-info/requires.txt
[2.113s] writing top-level names to ../../build/my_py_pkg/my_py_pkg.egg-info/top_level.txt
[2.173s] reading manifest file '../../build/my_py_pkg/my_py_pkg.egg-info/SOURCES.txt'
[2.174s] writing manifest file '../../build/my_py_pkg/my_py_pkg.egg-info/SOURCES.txt'
[2.174s] running build
[2.174s] running build_py
[2.174s] copying my_py_pkg/saveimage.py -> /home/user/ros2_ws/build/my_py_pkg/build/lib/my_py_pkg
[2.175s] running install
[2.176s] running install_lib
[2.179s] copying /home/user/ros2_ws/build/my_py_pkg/build/lib/my_py_pkg/saveimage.py -> /home/user/ros2_ws/install/my_py_pkg/lib/python3.8/site-packages/my_py_pkg
[2.180s] byte-compiling /home/user/ros2_ws/install/my_py_pkg/lib/python3.8/site-packages/my_py_pkg/saveimage.py to saveimage.cpython-38.pyc
[2.182s] running install_data
[2.182s] running install_egg_info
[2.185s] removing '/home/user/ros2_ws/install/my_py_pkg/lib/python3.8/site-packages/my_py_pkg-0.0.0-py3.8.egg-info' (and everything under it)
[2.186s] Copying ../../build/my_py_pkg/my_py_pkg.egg-info to /home/user/ros2_ws/install/my_py_pkg/lib/python3.8/site-packages/my_py_pkg-0.0.0-py3.8.egg-info
[2.187s] running install_scripts
[2.215s] Installing my_publisher script to /home/user/ros2_ws/install/my_py_pkg/lib/my_py_pkg
[2.216s] Installing my_subscriber script to /home/user/ros2_ws/install/my_py_pkg/lib/my_py_pkg
[2.216s] Installing savebag2image script to /home/user/ros2_ws/install/my_py_pkg/lib/my_py_pkg
[2.216s] writing list of installed files to '/home/user/ros2_ws/build/my_py_pkg/install.log'
[2.246s] Invoked command in '/home/user/ros2_ws/src/my_py_pkg' returned '0': PYTHONPATH=/home/user/ros2_ws/build/my_py_pkg/prefix_override:/home/user/ros2_ws/install/my_py_pkg/lib/python3.8/site-packages:${PYTHONPATH} /usr/bin/python3 setup.py egg_info --egg-base ../../build/my_py_pkg build --build-base /home/user/ros2_ws/build/my_py_pkg/build install --record /home/user/ros2_ws/build/my_py_pkg/install.log --install-scripts $base/lib/my_py_pkg --single-version-externally-managed
