/home/user/ros2_ws/install/my_py_pkg/lib/python3.8/site-packages/my_py_pkg/saveImage.py
/home/user/ros2_ws/install/my_py_pkg/lib/python3.8/site-packages/my_py_pkg/__init__.py
/home/user/ros2_ws/install/my_py_pkg/lib/python3.8/site-packages/my_py_pkg/my_publisher.py
/home/user/ros2_ws/install/my_py_pkg/lib/python3.8/site-packages/my_py_pkg/my_subscriber.py
/home/user/ros2_ws/install/my_py_pkg/lib/python3.8/site-packages/my_py_pkg/savePointCloud.py
/home/user/ros2_ws/install/my_py_pkg/lib/python3.8/site-packages/my_py_pkg/prueba.py
/home/user/ros2_ws/install/my_py_pkg/lib/python3.8/site-packages/my_py_pkg/__pycache__/saveImage.cpython-38.pyc
/home/user/ros2_ws/install/my_py_pkg/lib/python3.8/site-packages/my_py_pkg/__pycache__/__init__.cpython-38.pyc
/home/user/ros2_ws/install/my_py_pkg/lib/python3.8/site-packages/my_py_pkg/__pycache__/my_publisher.cpython-38.pyc
/home/user/ros2_ws/install/my_py_pkg/lib/python3.8/site-packages/my_py_pkg/__pycache__/my_subscriber.cpython-38.pyc
/home/user/ros2_ws/install/my_py_pkg/lib/python3.8/site-packages/my_py_pkg/__pycache__/savePointCloud.cpython-38.pyc
/home/user/ros2_ws/install/my_py_pkg/lib/python3.8/site-packages/my_py_pkg/__pycache__/prueba.cpython-38.pyc
/home/user/ros2_ws/install/my_py_pkg/share/ament_index/resource_index/packages/my_py_pkg
/home/user/ros2_ws/install/my_py_pkg/share/my_py_pkg/package.xml
/home/user/ros2_ws/install/my_py_pkg/lib/python3.8/site-packages/my_py_pkg-0.0.0-py3.8.egg-info/requires.txt
/home/user/ros2_ws/install/my_py_pkg/lib/python3.8/site-packages/my_py_pkg-0.0.0-py3.8.egg-info/top_level.txt
/home/user/ros2_ws/install/my_py_pkg/lib/python3.8/site-packages/my_py_pkg-0.0.0-py3.8.egg-info/entry_points.txt
/home/user/ros2_ws/install/my_py_pkg/lib/python3.8/site-packages/my_py_pkg-0.0.0-py3.8.egg-info/dependency_links.txt
/home/user/ros2_ws/install/my_py_pkg/lib/python3.8/site-packages/my_py_pkg-0.0.0-py3.8.egg-info/SOURCES.txt
/home/user/ros2_ws/install/my_py_pkg/lib/python3.8/site-packages/my_py_pkg-0.0.0-py3.8.egg-info/PKG-INFO
/home/user/ros2_ws/install/my_py_pkg/lib/python3.8/site-packages/my_py_pkg-0.0.0-py3.8.egg-info/zip-safe
/home/user/ros2_ws/install/my_py_pkg/lib/my_py_pkg/my_pub
/home/user/ros2_ws/install/my_py_pkg/lib/my_py_pkg/my_sub
/home/user/ros2_ws/install/my_py_pkg/lib/my_py_pkg/save_image2video
/home/user/ros2_ws/install/my_py_pkg/lib/my_py_pkg/save_point_Cloud
