[1.735s] Invoking command in '/home/user/ros2_ws/build/my_py_pkg': PYTHONPATH=/home/user/ros2_ws/build/my_py_pkg/prefix_override:/home/user/ros2_ws/install/my_py_pkg/lib/python3.8/site-packages:${PYTHONPATH} /usr/bin/python3 setup.py develop --editable --build-directory /home/user/ros2_ws/build/my_py_pkg/build --no-deps install_data
[1.928s] running develop
[2.049s] running egg_info
[2.049s] writing my_py_pkg.egg-info/PKG-INFO
[2.050s] writing dependency_links to my_py_pkg.egg-info/dependency_links.txt
[2.050s] writing entry points to my_py_pkg.egg-info/entry_points.txt
[2.050s] writing requirements to my_py_pkg.egg-info/requires.txt
[2.050s] writing top-level names to my_py_pkg.egg-info/top_level.txt
[2.078s] reading manifest file 'my_py_pkg.egg-info/SOURCES.txt'
[2.079s] writing manifest file 'my_py_pkg.egg-info/SOURCES.txt'
[2.106s] running build_ext
[2.106s] Creating /home/user/ros2_ws/install/my_py_pkg/lib/python3.8/site-packages/site.py
[2.108s] Creating /home/user/ros2_ws/install/my_py_pkg/lib/python3.8/site-packages/my-py-pkg.egg-link (link to .)
[2.108s] Installing save_depth_image script to /home/user/ros2_ws/install/my_py_pkg/lib/my_py_pkg
[2.109s] Installing save_point_Cloud script to /home/user/ros2_ws/install/my_py_pkg/lib/my_py_pkg
[2.109s] Installing save_rgb_image script to /home/user/ros2_ws/install/my_py_pkg/lib/my_py_pkg
[2.109s] 
[2.109s] Installed /home/user/ros2_ws/build/my_py_pkg
[2.109s] running install_data
[2.129s] Invoked command in '/home/user/ros2_ws/build/my_py_pkg' returned '0': PYTHONPATH=/home/user/ros2_ws/build/my_py_pkg/prefix_override:/home/user/ros2_ws/install/my_py_pkg/lib/python3.8/site-packages:${PYTHONPATH} /usr/bin/python3 setup.py develop --editable --build-directory /home/user/ros2_ws/build/my_py_pkg/build --no-deps install_data
