[0.484s] Invoking command in '/home/user/ros2_ws/build/get_node_data': CMAKE_PREFIX_PATH=/home/user/ros2_ws/install/my_py_pkg:/opt/ros/foxy /usr/bin/cmake --build /home/user/ros2_ws/build/get_node_data -- -j12 -l12
[0.515s] Invoked command in '/home/user/ros2_ws/build/get_node_data' returned '0': CMAKE_PREFIX_PATH=/home/user/ros2_ws/install/my_py_pkg:/opt/ros/foxy /usr/bin/cmake --build /home/user/ros2_ws/build/get_node_data -- -j12 -l12
[0.542s] Invoking command in '/home/user/ros2_ws/build/get_node_data': CMAKE_PREFIX_PATH=/home/user/ros2_ws/install/my_py_pkg:/opt/ros/foxy /usr/bin/cmake --install /home/user/ros2_ws/build/get_node_data
[0.549s] -- Install configuration: ""
[0.549s] -- Execute custom install script
[0.549s] -- Up-to-date symlink: /home/user/ros2_ws/install/get_node_data/share/ament_index/resource_index/package_run_dependencies/get_node_data
[0.550s] -- Up-to-date symlink: /home/user/ros2_ws/install/get_node_data/share/ament_index/resource_index/parent_prefix_path/get_node_data
[0.550s] -- Up-to-date symlink: /home/user/ros2_ws/install/get_node_data/share/get_node_data/environment/ament_prefix_path.sh
[0.550s] -- Up-to-date symlink: /home/user/ros2_ws/install/get_node_data/share/get_node_data/environment/ament_prefix_path.dsv
[0.551s] -- Up-to-date symlink: /home/user/ros2_ws/install/get_node_data/share/get_node_data/environment/path.sh
[0.551s] -- Up-to-date symlink: /home/user/ros2_ws/install/get_node_data/share/get_node_data/environment/path.dsv
[0.551s] -- Up-to-date symlink: /home/user/ros2_ws/install/get_node_data/share/get_node_data/local_setup.bash
[0.551s] -- Up-to-date symlink: /home/user/ros2_ws/install/get_node_data/share/get_node_data/local_setup.sh
[0.552s] -- Up-to-date symlink: /home/user/ros2_ws/install/get_node_data/share/get_node_data/local_setup.zsh
[0.552s] -- Up-to-date symlink: /home/user/ros2_ws/install/get_node_data/share/get_node_data/local_setup.dsv
[0.552s] -- Symlinking: /home/user/ros2_ws/install/get_node_data/share/get_node_data/package.dsv
[0.559s] -- Up-to-date symlink: /home/user/ros2_ws/install/get_node_data/share/ament_index/resource_index/packages/get_node_data
[0.559s] -- Up-to-date symlink: /home/user/ros2_ws/install/get_node_data/share/get_node_data/cmake/get_node_dataConfig.cmake
[0.560s] -- Up-to-date symlink: /home/user/ros2_ws/install/get_node_data/share/get_node_data/cmake/get_node_dataConfig-version.cmake
[0.560s] -- Up-to-date symlink: /home/user/ros2_ws/install/get_node_data/share/get_node_data/package.xml
[0.561s] Invoked command in '/home/user/ros2_ws/build/get_node_data' returned '0': CMAKE_PREFIX_PATH=/home/user/ros2_ws/install/my_py_pkg:/opt/ros/foxy /usr/bin/cmake --install /home/user/ros2_ws/build/get_node_data
