[1.697s] Invoking command in '/home/user/ros2_ws/src/my_py_pkg': PYTHONPATH=/home/user/ros2_ws/build/my_py_pkg/prefix_override:/home/user/ros2_ws/install/my_py_pkg/lib/python3.8/site-packages:${PYTHONPATH} /usr/bin/python3 setup.py egg_info --egg-base ../../build/my_py_pkg build --build-base /home/user/ros2_ws/build/my_py_pkg/build install --record /home/user/ros2_ws/build/my_py_pkg/install.log --install-scripts $base/lib/my_py_pkg --single-version-externally-managed
[1.881s] running egg_info
[1.881s] writing ../../build/my_py_pkg/my_py_pkg.egg-info/PKG-INFO
[1.881s] writing dependency_links to ../../build/my_py_pkg/my_py_pkg.egg-info/dependency_links.txt
[1.882s] writing entry points to ../../build/my_py_pkg/my_py_pkg.egg-info/entry_points.txt
[1.882s] writing requirements to ../../build/my_py_pkg/my_py_pkg.egg-info/requires.txt
[1.882s] writing top-level names to ../../build/my_py_pkg/my_py_pkg.egg-info/top_level.txt
[1.910s] reading manifest file '../../build/my_py_pkg/my_py_pkg.egg-info/SOURCES.txt'
[1.911s] writing manifest file '../../build/my_py_pkg/my_py_pkg.egg-info/SOURCES.txt'
[1.911s] running build
[1.911s] running build_py
[1.911s] copying my_py_pkg/save_depth_image.py -> /home/user/ros2_ws/build/my_py_pkg/build/lib/my_py_pkg
[1.912s] running install
[1.912s] running install_lib
[1.913s] copying /home/user/ros2_ws/build/my_py_pkg/build/lib/my_py_pkg/save_depth_image.py -> /home/user/ros2_ws/install/my_py_pkg/lib/python3.8/site-packages/my_py_pkg
[1.914s] byte-compiling /home/user/ros2_ws/install/my_py_pkg/lib/python3.8/site-packages/my_py_pkg/save_depth_image.py to save_depth_image.cpython-38.pyc
[1.915s] running install_data
[1.915s] running install_egg_info
[1.917s] removing '/home/user/ros2_ws/install/my_py_pkg/lib/python3.8/site-packages/my_py_pkg-0.0.0-py3.8.egg-info' (and everything under it)
[1.917s] Copying ../../build/my_py_pkg/my_py_pkg.egg-info to /home/user/ros2_ws/install/my_py_pkg/lib/python3.8/site-packages/my_py_pkg-0.0.0-py3.8.egg-info
[1.918s] running install_scripts
[1.931s] Installing my_pub script to /home/user/ros2_ws/install/my_py_pkg/lib/my_py_pkg
[1.931s] Installing my_sub script to /home/user/ros2_ws/install/my_py_pkg/lib/my_py_pkg
[1.931s] Installing save_depth_image script to /home/user/ros2_ws/install/my_py_pkg/lib/my_py_pkg
[1.931s] Installing save_point_Cloud script to /home/user/ros2_ws/install/my_py_pkg/lib/my_py_pkg
[1.931s] Installing save_rgb_image script to /home/user/ros2_ws/install/my_py_pkg/lib/my_py_pkg
[1.931s] writing list of installed files to '/home/user/ros2_ws/build/my_py_pkg/install.log'
[1.945s] Invoked command in '/home/user/ros2_ws/src/my_py_pkg' returned '0': PYTHONPATH=/home/user/ros2_ws/build/my_py_pkg/prefix_override:/home/user/ros2_ws/install/my_py_pkg/lib/python3.8/site-packages:${PYTHONPATH} /usr/bin/python3 setup.py egg_info --egg-base ../../build/my_py_pkg build --build-base /home/user/ros2_ws/build/my_py_pkg/build install --record /home/user/ros2_ws/build/my_py_pkg/install.log --install-scripts $base/lib/my_py_pkg --single-version-externally-managed
