[7.977s] DEBUG:colcon:Command line arguments: ['/usr/bin/colcon', 'build']
[7.977s] DEBUG:colcon:Parsed command line arguments: Namespace(allow_overriding=[], ament_cmake_args=None, base_paths=['.'], build_base='build', catkin_cmake_args=None, catkin_skip_building_tests=False, cmake_args=None, cmake_clean_cache=False, cmake_clean_first=False, cmake_force_configure=False, cmake_target=None, cmake_target_skip_unavailable=False, continue_on_error=False, event_handlers=None, executor='parallel', ignore_user_meta=False, install_base='install', log_base=None, log_level=None, main=<bound method BuildVerb.main of <colcon_core.verb.build.BuildVerb object at 0x7ff7689aa220>>, merge_install=False, metas=['./colcon.meta'], packages_above=None, packages_above_and_dependencies=None, packages_above_depth=None, packages_end=None, packages_ignore=None, packages_ignore_regex=None, packages_select=None, packages_select_build_failed=False, packages_select_by_dep=None, packages_select_regex=None, packages_select_test_failures=False, packages_skip=None, packages_skip_build_finished=False, packages_skip_by_dep=None, packages_skip_regex=None, packages_skip_test_passed=False, packages_skip_up_to=None, packages_start=None, packages_up_to=None, packages_up_to_regex=None, parallel_workers=12, paths=None, symlink_install=False, test_result_base=None, verb_extension=<colcon_core.verb.build.BuildVerb object at 0x7ff7689aa220>, verb_name='build', verb_parser=<colcon_defaults.argument_parser.defaults.DefaultArgumentsDecorator object at 0x7ff768952220>)
[8.289s] Level 1:colcon.colcon_core.package_discovery:discover_packages(colcon_meta) check parameters
[8.289s] Level 1:colcon.colcon_core.package_discovery:discover_packages(recursive) check parameters
[8.289s] Level 1:colcon.colcon_core.package_discovery:discover_packages(ignore) check parameters
[8.289s] Level 1:colcon.colcon_core.package_discovery:discover_packages(path) check parameters
[8.289s] Level 1:colcon.colcon_core.package_discovery:discover_packages(colcon_meta) discover
[8.289s] Level 1:colcon.colcon_core.package_discovery:discover_packages(recursive) discover
[8.289s] INFO:colcon.colcon_core.package_discovery:Crawling recursively for packages in '/home/user/ros2_ws'
[8.289s] Level 1:colcon.colcon_core.package_identification:_identify(.) by extensions ['ignore', 'ignore_ament_install']
[8.289s] Level 1:colcon.colcon_core.package_identification:_identify(.) by extension 'ignore'
[8.289s] Level 1:colcon.colcon_core.package_identification:_identify(.) by extension 'ignore_ament_install'
[8.289s] Level 1:colcon.colcon_core.package_identification:_identify(.) by extensions ['colcon_pkg']
[8.289s] Level 1:colcon.colcon_core.package_identification:_identify(.) by extension 'colcon_pkg'
[8.290s] Level 1:colcon.colcon_core.package_identification:_identify(.) by extensions ['colcon_meta']
[8.290s] Level 1:colcon.colcon_core.package_identification:_identify(.) by extension 'colcon_meta'
[8.290s] Level 1:colcon.colcon_core.package_identification:_identify(.) by extensions ['ros']
[8.290s] Level 1:colcon.colcon_core.package_identification:_identify(.) by extension 'ros'
[8.326s] Level 1:colcon.colcon_core.package_identification:_identify(.) by extensions ['cmake', 'python']
[8.326s] Level 1:colcon.colcon_core.package_identification:_identify(.) by extension 'cmake'
[8.326s] Level 1:colcon.colcon_core.package_identification:_identify(.) by extension 'python'
[8.326s] Level 1:colcon.colcon_core.package_identification:_identify(.) by extensions ['python_setup_py']
[8.326s] Level 1:colcon.colcon_core.package_identification:_identify(.) by extension 'python_setup_py'
[8.327s] Level 1:colcon.colcon_core.package_identification:_identify(build) by extensions ['ignore', 'ignore_ament_install']
[8.327s] Level 1:colcon.colcon_core.package_identification:_identify(build) by extension 'ignore'
[8.327s] Level 1:colcon.colcon_core.package_identification:_identify(build) ignored
[8.327s] Level 1:colcon.colcon_core.package_identification:_identify(install) by extensions ['ignore', 'ignore_ament_install']
[8.327s] Level 1:colcon.colcon_core.package_identification:_identify(install) by extension 'ignore'
[8.327s] Level 1:colcon.colcon_core.package_identification:_identify(install) ignored
[8.327s] Level 1:colcon.colcon_core.package_identification:_identify(log) by extensions ['ignore', 'ignore_ament_install']
[8.327s] Level 1:colcon.colcon_core.package_identification:_identify(log) by extension 'ignore'
[8.327s] Level 1:colcon.colcon_core.package_identification:_identify(log) ignored
[8.327s] Level 1:colcon.colcon_core.package_identification:_identify(src) by extensions ['ignore', 'ignore_ament_install']
[8.328s] Level 1:colcon.colcon_core.package_identification:_identify(src) by extension 'ignore'
[8.328s] Level 1:colcon.colcon_core.package_identification:_identify(src) by extension 'ignore_ament_install'
[8.328s] Level 1:colcon.colcon_core.package_identification:_identify(src) by extensions ['colcon_pkg']
[8.328s] Level 1:colcon.colcon_core.package_identification:_identify(src) by extension 'colcon_pkg'
[8.328s] Level 1:colcon.colcon_core.package_identification:_identify(src) by extensions ['colcon_meta']
[8.328s] Level 1:colcon.colcon_core.package_identification:_identify(src) by extension 'colcon_meta'
[8.328s] Level 1:colcon.colcon_core.package_identification:_identify(src) by extensions ['ros']
[8.328s] Level 1:colcon.colcon_core.package_identification:_identify(src) by extension 'ros'
[8.328s] Level 1:colcon.colcon_core.package_identification:_identify(src) by extensions ['cmake', 'python']
[8.328s] Level 1:colcon.colcon_core.package_identification:_identify(src) by extension 'cmake'
[8.328s] Level 1:colcon.colcon_core.package_identification:_identify(src) by extension 'python'
[8.328s] Level 1:colcon.colcon_core.package_identification:_identify(src) by extensions ['python_setup_py']
[8.328s] Level 1:colcon.colcon_core.package_identification:_identify(src) by extension 'python_setup_py'
[8.328s] Level 1:colcon.colcon_core.package_identification:_identify(src/my_py_pkg) by extensions ['ignore', 'ignore_ament_install']
[8.328s] Level 1:colcon.colcon_core.package_identification:_identify(src/my_py_pkg) by extension 'ignore'
[8.328s] Level 1:colcon.colcon_core.package_identification:_identify(src/my_py_pkg) by extension 'ignore_ament_install'
[8.328s] Level 1:colcon.colcon_core.package_identification:_identify(src/my_py_pkg) by extensions ['colcon_pkg']
[8.328s] Level 1:colcon.colcon_core.package_identification:_identify(src/my_py_pkg) by extension 'colcon_pkg'
[8.328s] Level 1:colcon.colcon_core.package_identification:_identify(src/my_py_pkg) by extensions ['colcon_meta']
[8.329s] Level 1:colcon.colcon_core.package_identification:_identify(src/my_py_pkg) by extension 'colcon_meta'
[8.329s] Level 1:colcon.colcon_core.package_identification:_identify(src/my_py_pkg) by extensions ['ros']
[8.329s] Level 1:colcon.colcon_core.package_identification:_identify(src/my_py_pkg) by extension 'ros'
[8.332s] DEBUG:colcon.colcon_core.package_identification:Package 'src/my_py_pkg' with type 'ros.ament_python' and name 'my_py_pkg'
[8.332s] Level 1:colcon.colcon_core.package_discovery:discover_packages(recursive) using defaults
[8.332s] Level 1:colcon.colcon_core.package_discovery:discover_packages(ignore) discover
[8.332s] Level 1:colcon.colcon_core.package_discovery:discover_packages(ignore) using defaults
[8.332s] Level 1:colcon.colcon_core.package_discovery:discover_packages(path) discover
[8.332s] Level 1:colcon.colcon_core.package_discovery:discover_packages(path) using defaults
[9.039s] Level 1:colcon.colcon_core.package_discovery:discover_packages(prefix_path) check parameters
[9.039s] Level 1:colcon.colcon_core.package_discovery:discover_packages(prefix_path) discover
[9.308s] DEBUG:colcon.colcon_installed_package_information.package_discovery:Found 1 installed packages in /home/user/ros2_ws/install
[9.441s] DEBUG:colcon.colcon_installed_package_information.package_discovery:Found 172 installed packages in /opt/ros/foxy
[9.442s] Level 1:colcon.colcon_core.package_discovery:discover_packages(prefix_path) using defaults
[9.777s] Level 5:colcon.colcon_core.verb:set package 'my_py_pkg' build argument 'cmake_args' from command line to 'None'
[9.777s] Level 5:colcon.colcon_core.verb:set package 'my_py_pkg' build argument 'cmake_target' from command line to 'None'
[9.777s] Level 5:colcon.colcon_core.verb:set package 'my_py_pkg' build argument 'cmake_target_skip_unavailable' from command line to 'False'
[9.777s] Level 5:colcon.colcon_core.verb:set package 'my_py_pkg' build argument 'cmake_clean_cache' from command line to 'False'
[9.777s] Level 5:colcon.colcon_core.verb:set package 'my_py_pkg' build argument 'cmake_clean_first' from command line to 'False'
[9.777s] Level 5:colcon.colcon_core.verb:set package 'my_py_pkg' build argument 'cmake_force_configure' from command line to 'False'
[9.777s] Level 5:colcon.colcon_core.verb:set package 'my_py_pkg' build argument 'ament_cmake_args' from command line to 'None'
[9.777s] Level 5:colcon.colcon_core.verb:set package 'my_py_pkg' build argument 'catkin_cmake_args' from command line to 'None'
[9.777s] Level 5:colcon.colcon_core.verb:set package 'my_py_pkg' build argument 'catkin_skip_building_tests' from command line to 'False'
[9.777s] DEBUG:colcon.colcon_core.verb:Building package 'my_py_pkg' with the following arguments: {'ament_cmake_args': None, 'build_base': '/home/user/ros2_ws/build/my_py_pkg', 'catkin_cmake_args': None, 'catkin_skip_building_tests': False, 'cmake_args': None, 'cmake_clean_cache': False, 'cmake_clean_first': False, 'cmake_force_configure': False, 'cmake_target': None, 'cmake_target_skip_unavailable': False, 'install_base': '/home/user/ros2_ws/install/my_py_pkg', 'merge_install': False, 'path': '/home/user/ros2_ws/src/my_py_pkg', 'symlink_install': False, 'test_result_base': None}
[9.908s] INFO:colcon.colcon_core.executor:Executing jobs using 'parallel' executor
[10.048s] DEBUG:colcon.colcon_parallel_executor.executor.parallel:run_until_complete
[10.048s] INFO:colcon.colcon_ros.task.ament_python.build:Building ROS package in '/home/user/ros2_ws/src/my_py_pkg' with build type 'ament_python'
[10.048s] Level 1:colcon.colcon_core.shell:create_environment_hook('my_py_pkg', 'ament_prefix_path')
[10.188s] INFO:colcon.colcon_core.plugin_system:Skipping extension 'colcon_core.shell.bat': Not used on non-Windows systems
[10.189s] INFO:colcon.colcon_core.shell:Creating environment hook '/home/user/ros2_ws/install/my_py_pkg/share/my_py_pkg/hook/ament_prefix_path.ps1'
[10.189s] INFO:colcon.colcon_core.shell:Creating environment descriptor '/home/user/ros2_ws/install/my_py_pkg/share/my_py_pkg/hook/ament_prefix_path.dsv'
[10.190s] INFO:colcon.colcon_core.shell:Creating environment hook '/home/user/ros2_ws/install/my_py_pkg/share/my_py_pkg/hook/ament_prefix_path.sh'
[10.335s] INFO:colcon.colcon_core.shell:Skip shell extension 'powershell' for command environment: Not usable outside of PowerShell
[10.335s] DEBUG:colcon.colcon_core.shell:Skip shell extension 'dsv' for command environment
[10.999s] INFO:colcon.colcon_core.task.python.build:Building Python package in '/home/user/ros2_ws/src/my_py_pkg'
[11.135s] INFO:colcon.colcon_core.shell:Skip shell extension 'powershell' for command environment: Not usable outside of PowerShell
[11.136s] DEBUG:colcon.colcon_core.shell:Skip shell extension 'dsv' for command environment
[12.085s] DEBUG:colcon.colcon_core.event_handler.log_command:Invoking command in '/home/user/ros2_ws/src/my_py_pkg': PYTHONPATH=/home/user/ros2_ws/build/my_py_pkg/prefix_override:/home/user/ros2_ws/install/my_py_pkg/lib/python3.8/site-packages:${PYTHONPATH} /usr/bin/python3 setup.py egg_info --egg-base ../../build/my_py_pkg build --build-base /home/user/ros2_ws/build/my_py_pkg/build install --record /home/user/ros2_ws/build/my_py_pkg/install.log --install-scripts $base/lib/my_py_pkg --single-version-externally-managed
[12.383s] DEBUG:colcon.colcon_core.event_handler.log_command:Invoked command in '/home/user/ros2_ws/src/my_py_pkg' returned '0': PYTHONPATH=/home/user/ros2_ws/build/my_py_pkg/prefix_override:/home/user/ros2_ws/install/my_py_pkg/lib/python3.8/site-packages:${PYTHONPATH} /usr/bin/python3 setup.py egg_info --egg-base ../../build/my_py_pkg build --build-base /home/user/ros2_ws/build/my_py_pkg/build install --record /home/user/ros2_ws/build/my_py_pkg/install.log --install-scripts $base/lib/my_py_pkg --single-version-externally-managed
[12.532s] Level 1:colcon.colcon_core.environment:checking '/home/user/ros2_ws/install/my_py_pkg' for CMake module files
[12.533s] Level 1:colcon.colcon_core.environment:checking '/home/user/ros2_ws/install/my_py_pkg' for CMake config files
[12.534s] Level 1:colcon.colcon_core.environment:checking '/home/user/ros2_ws/install/my_py_pkg/lib'
[12.534s] Level 1:colcon.colcon_core.environment:checking '/home/user/ros2_ws/install/my_py_pkg/bin'
[12.534s] Level 1:colcon.colcon_core.environment:checking '/home/user/ros2_ws/install/my_py_pkg/lib/pkgconfig/my_py_pkg.pc'
[12.534s] Level 1:colcon.colcon_core.environment:checking '/home/user/ros2_ws/install/my_py_pkg/lib/python3.8/site-packages'
[12.534s] Level 1:colcon.colcon_core.shell:create_environment_hook('my_py_pkg', 'pythonpath')
[12.671s] INFO:colcon.colcon_core.shell:Creating environment hook '/home/user/ros2_ws/install/my_py_pkg/share/my_py_pkg/hook/pythonpath.ps1'
[12.671s] INFO:colcon.colcon_core.shell:Creating environment descriptor '/home/user/ros2_ws/install/my_py_pkg/share/my_py_pkg/hook/pythonpath.dsv'
[12.671s] INFO:colcon.colcon_core.shell:Creating environment hook '/home/user/ros2_ws/install/my_py_pkg/share/my_py_pkg/hook/pythonpath.sh'
[12.672s] Level 1:colcon.colcon_core.environment:checking '/home/user/ros2_ws/install/my_py_pkg/bin'
[12.672s] Level 1:colcon.colcon_core.environment:create_environment_scripts_only(my_py_pkg)
[12.807s] INFO:colcon.colcon_core.shell:Creating package script '/home/user/ros2_ws/install/my_py_pkg/share/my_py_pkg/package.ps1'
[12.809s] INFO:colcon.colcon_core.shell:Creating package descriptor '/home/user/ros2_ws/install/my_py_pkg/share/my_py_pkg/package.dsv'
[12.809s] INFO:colcon.colcon_core.shell:Creating package script '/home/user/ros2_ws/install/my_py_pkg/share/my_py_pkg/package.sh'
[12.810s] INFO:colcon.colcon_core.shell:Creating package script '/home/user/ros2_ws/install/my_py_pkg/share/my_py_pkg/package.bash'
[12.811s] INFO:colcon.colcon_core.shell:Creating package script '/home/user/ros2_ws/install/my_py_pkg/share/my_py_pkg/package.zsh'
[12.812s] Level 1:colcon.colcon_core.environment:create_file_with_runtime_dependencies(/home/user/ros2_ws/install/my_py_pkg/share/colcon-core/packages/my_py_pkg)
[12.812s] DEBUG:colcon.colcon_parallel_executor.executor.parallel:closing loop
[12.813s] DEBUG:colcon.colcon_parallel_executor.executor.parallel:loop closed
[12.813s] DEBUG:colcon.colcon_parallel_executor.executor.parallel:run_until_complete finished with '0'
[12.813s] DEBUG:colcon.colcon_core.event_reactor:joining thread
[12.966s] INFO:colcon.colcon_core.plugin_system:Skipping extension 'colcon_notification.desktop_notification.notify_send': Could not find 'notify-send'
[12.966s] INFO:colcon.colcon_core.plugin_system:Skipping extension 'colcon_notification.desktop_notification.terminal_notifier': Not used on non-Darwin systems
[12.966s] INFO:colcon.colcon_core.plugin_system:Skipping extension 'colcon_notification.desktop_notification.win32': Not used on non-Windows systems
[12.966s] INFO:colcon.colcon_notification.desktop_notification:Sending desktop notification using 'notify2'
[12.973s] DEBUG:colcon.colcon_notification.desktop_notification.notify2:Failed to initialize notify2: org.freedesktop.DBus.Error.Spawn.ExecFailed: /usr/bin/dbus-launch terminated abnormally without any error message
[12.974s] DEBUG:colcon.colcon_core.event_reactor:joined thread
[13.122s] INFO:colcon.colcon_core.shell:Creating prefix script '/home/user/ros2_ws/install/local_setup.ps1'
[13.124s] INFO:colcon.colcon_core.shell:Creating prefix util module '/home/user/ros2_ws/install/_local_setup_util_ps1.py'
[13.126s] INFO:colcon.colcon_core.shell:Creating prefix chain script '/home/user/ros2_ws/install/setup.ps1'
[13.262s] INFO:colcon.colcon_core.shell:Creating prefix script '/home/user/ros2_ws/install/local_setup.sh'
[13.263s] INFO:colcon.colcon_core.shell:Creating prefix util module '/home/user/ros2_ws/install/_local_setup_util_sh.py'
[13.263s] INFO:colcon.colcon_core.shell:Creating prefix chain script '/home/user/ros2_ws/install/setup.sh'
[13.399s] INFO:colcon.colcon_core.shell:Creating prefix script '/home/user/ros2_ws/install/local_setup.bash'
[13.400s] INFO:colcon.colcon_core.shell:Creating prefix chain script '/home/user/ros2_ws/install/setup.bash'
[13.536s] INFO:colcon.colcon_core.shell:Creating prefix script '/home/user/ros2_ws/install/local_setup.zsh'
[13.537s] INFO:colcon.colcon_core.shell:Creating prefix chain script '/home/user/ros2_ws/install/setup.zsh'
