[17.874s] DEBUG:colcon:Command line arguments: ['/usr/bin/colcon', 'build']
[17.874s] DEBUG:colcon:Parsed command line arguments: Namespace(allow_overriding=[], ament_cmake_args=None, base_paths=['.'], build_base='build', catkin_cmake_args=None, catkin_skip_building_tests=False, cmake_args=None, cmake_clean_cache=False, cmake_clean_first=False, cmake_force_configure=False, cmake_target=None, cmake_target_skip_unavailable=False, continue_on_error=False, event_handlers=None, executor='parallel', ignore_user_meta=False, install_base='install', log_base=None, log_level=None, main=<bound method BuildVerb.main of <colcon_core.verb.build.BuildVerb object at 0x7fb78b4756a0>>, merge_install=False, metas=['./colcon.meta'], packages_above=None, packages_above_and_dependencies=None, packages_above_depth=None, packages_end=None, packages_ignore=None, packages_ignore_regex=None, packages_select=None, packages_select_build_failed=False, packages_select_by_dep=None, packages_select_regex=None, packages_select_test_failures=False, packages_skip=None, packages_skip_build_finished=False, packages_skip_by_dep=None, packages_skip_regex=None, packages_skip_test_passed=False, packages_skip_up_to=None, packages_start=None, packages_up_to=None, packages_up_to_regex=None, parallel_workers=12, paths=None, symlink_install=False, test_result_base=None, verb_extension=<colcon_core.verb.build.BuildVerb object at 0x7fb78b4756a0>, verb_name='build', verb_parser=<colcon_defaults.argument_parser.defaults.DefaultArgumentsDecorator object at 0x7fb78b475af0>)
[18.497s] Level 1:colcon.colcon_core.package_discovery:discover_packages(colcon_meta) check parameters
[18.498s] Level 1:colcon.colcon_core.package_discovery:discover_packages(recursive) check parameters
[18.498s] Level 1:colcon.colcon_core.package_discovery:discover_packages(ignore) check parameters
[18.498s] Level 1:colcon.colcon_core.package_discovery:discover_packages(path) check parameters
[18.498s] Level 1:colcon.colcon_core.package_discovery:discover_packages(colcon_meta) discover
[18.498s] Level 1:colcon.colcon_core.package_discovery:discover_packages(recursive) discover
[18.498s] INFO:colcon.colcon_core.package_discovery:Crawling recursively for packages in '/home/user/ros2_ws'
[18.499s] Level 1:colcon.colcon_core.package_identification:_identify(.) by extensions ['ignore', 'ignore_ament_install']
[18.499s] Level 1:colcon.colcon_core.package_identification:_identify(.) by extension 'ignore'
[18.499s] Level 1:colcon.colcon_core.package_identification:_identify(.) by extension 'ignore_ament_install'
[18.500s] Level 1:colcon.colcon_core.package_identification:_identify(.) by extensions ['colcon_pkg']
[18.500s] Level 1:colcon.colcon_core.package_identification:_identify(.) by extension 'colcon_pkg'
[18.500s] Level 1:colcon.colcon_core.package_identification:_identify(.) by extensions ['colcon_meta']
[18.500s] Level 1:colcon.colcon_core.package_identification:_identify(.) by extension 'colcon_meta'
[18.500s] Level 1:colcon.colcon_core.package_identification:_identify(.) by extensions ['ros']
[18.500s] Level 1:colcon.colcon_core.package_identification:_identify(.) by extension 'ros'
[18.598s] Level 1:colcon.colcon_core.package_identification:_identify(.) by extensions ['cmake', 'python']
[18.598s] Level 1:colcon.colcon_core.package_identification:_identify(.) by extension 'cmake'
[18.599s] Level 1:colcon.colcon_core.package_identification:_identify(.) by extension 'python'
[18.599s] Level 1:colcon.colcon_core.package_identification:_identify(.) by extensions ['python_setup_py']
[18.599s] Level 1:colcon.colcon_core.package_identification:_identify(.) by extension 'python_setup_py'
[18.600s] Level 1:colcon.colcon_core.package_identification:_identify(build) by extensions ['ignore', 'ignore_ament_install']
[18.600s] Level 1:colcon.colcon_core.package_identification:_identify(build) by extension 'ignore'
[18.600s] Level 1:colcon.colcon_core.package_identification:_identify(build) ignored
[18.601s] Level 1:colcon.colcon_core.package_identification:_identify(install) by extensions ['ignore', 'ignore_ament_install']
[18.601s] Level 1:colcon.colcon_core.package_identification:_identify(install) by extension 'ignore'
[18.602s] Level 1:colcon.colcon_core.package_identification:_identify(install) ignored
[18.602s] Level 1:colcon.colcon_core.package_identification:_identify(log) by extensions ['ignore', 'ignore_ament_install']
[18.603s] Level 1:colcon.colcon_core.package_identification:_identify(log) by extension 'ignore'
[18.603s] Level 1:colcon.colcon_core.package_identification:_identify(log) ignored
[18.603s] Level 1:colcon.colcon_core.package_identification:_identify(src) by extensions ['ignore', 'ignore_ament_install']
[18.604s] Level 1:colcon.colcon_core.package_identification:_identify(src) by extension 'ignore'
[18.604s] Level 1:colcon.colcon_core.package_identification:_identify(src) by extension 'ignore_ament_install'
[18.605s] Level 1:colcon.colcon_core.package_identification:_identify(src) by extensions ['colcon_pkg']
[18.605s] Level 1:colcon.colcon_core.package_identification:_identify(src) by extension 'colcon_pkg'
[18.605s] Level 1:colcon.colcon_core.package_identification:_identify(src) by extensions ['colcon_meta']
[18.605s] Level 1:colcon.colcon_core.package_identification:_identify(src) by extension 'colcon_meta'
[18.606s] Level 1:colcon.colcon_core.package_identification:_identify(src) by extensions ['ros']
[18.606s] Level 1:colcon.colcon_core.package_identification:_identify(src) by extension 'ros'
[18.607s] Level 1:colcon.colcon_core.package_identification:_identify(src) by extensions ['cmake', 'python']
[18.607s] Level 1:colcon.colcon_core.package_identification:_identify(src) by extension 'cmake'
[18.607s] Level 1:colcon.colcon_core.package_identification:_identify(src) by extension 'python'
[18.608s] Level 1:colcon.colcon_core.package_identification:_identify(src) by extensions ['python_setup_py']
[18.608s] Level 1:colcon.colcon_core.package_identification:_identify(src) by extension 'python_setup_py'
[18.608s] Level 1:colcon.colcon_core.package_identification:_identify(src/my_py_pkg) by extensions ['ignore', 'ignore_ament_install']
[18.609s] Level 1:colcon.colcon_core.package_identification:_identify(src/my_py_pkg) by extension 'ignore'
[18.609s] Level 1:colcon.colcon_core.package_identification:_identify(src/my_py_pkg) by extension 'ignore_ament_install'
[18.610s] Level 1:colcon.colcon_core.package_identification:_identify(src/my_py_pkg) by extensions ['colcon_pkg']
[18.610s] Level 1:colcon.colcon_core.package_identification:_identify(src/my_py_pkg) by extension 'colcon_pkg'
[18.610s] Level 1:colcon.colcon_core.package_identification:_identify(src/my_py_pkg) by extensions ['colcon_meta']
[18.610s] Level 1:colcon.colcon_core.package_identification:_identify(src/my_py_pkg) by extension 'colcon_meta'
[18.611s] Level 1:colcon.colcon_core.package_identification:_identify(src/my_py_pkg) by extensions ['ros']
[18.611s] Level 1:colcon.colcon_core.package_identification:_identify(src/my_py_pkg) by extension 'ros'
[18.623s] DEBUG:colcon.colcon_core.package_identification:Package 'src/my_py_pkg' with type 'ros.ament_python' and name 'my_py_pkg'
[18.624s] Level 1:colcon.colcon_core.package_discovery:discover_packages(recursive) using defaults
[18.624s] Level 1:colcon.colcon_core.package_discovery:discover_packages(ignore) discover
[18.624s] Level 1:colcon.colcon_core.package_discovery:discover_packages(ignore) using defaults
[18.624s] Level 1:colcon.colcon_core.package_discovery:discover_packages(path) discover
[18.624s] Level 1:colcon.colcon_core.package_discovery:discover_packages(path) using defaults
[20.181s] Level 1:colcon.colcon_core.package_discovery:discover_packages(prefix_path) check parameters
[20.181s] Level 1:colcon.colcon_core.package_discovery:discover_packages(prefix_path) discover
[20.737s] DEBUG:colcon.colcon_installed_package_information.package_discovery:Found 1 installed packages in /home/user/ros2_ws/install
[21.051s] DEBUG:colcon.colcon_installed_package_information.package_discovery:Found 171 installed packages in /opt/ros/foxy
[21.054s] Level 1:colcon.colcon_core.package_discovery:discover_packages(prefix_path) using defaults
[21.813s] Level 5:colcon.colcon_core.verb:set package 'my_py_pkg' build argument 'cmake_args' from command line to 'None'
[21.814s] Level 5:colcon.colcon_core.verb:set package 'my_py_pkg' build argument 'cmake_target' from command line to 'None'
[21.814s] Level 5:colcon.colcon_core.verb:set package 'my_py_pkg' build argument 'cmake_target_skip_unavailable' from command line to 'False'
[21.814s] Level 5:colcon.colcon_core.verb:set package 'my_py_pkg' build argument 'cmake_clean_cache' from command line to 'False'
[21.814s] Level 5:colcon.colcon_core.verb:set package 'my_py_pkg' build argument 'cmake_clean_first' from command line to 'False'
[21.814s] Level 5:colcon.colcon_core.verb:set package 'my_py_pkg' build argument 'cmake_force_configure' from command line to 'False'
[21.814s] Level 5:colcon.colcon_core.verb:set package 'my_py_pkg' build argument 'ament_cmake_args' from command line to 'None'
[21.814s] Level 5:colcon.colcon_core.verb:set package 'my_py_pkg' build argument 'catkin_cmake_args' from command line to 'None'
[21.814s] Level 5:colcon.colcon_core.verb:set package 'my_py_pkg' build argument 'catkin_skip_building_tests' from command line to 'False'
[21.814s] DEBUG:colcon.colcon_core.verb:Building package 'my_py_pkg' with the following arguments: {'ament_cmake_args': None, 'build_base': '/home/user/ros2_ws/build/my_py_pkg', 'catkin_cmake_args': None, 'catkin_skip_building_tests': False, 'cmake_args': None, 'cmake_clean_cache': False, 'cmake_clean_first': False, 'cmake_force_configure': False, 'cmake_target': None, 'cmake_target_skip_unavailable': False, 'install_base': '/home/user/ros2_ws/install/my_py_pkg', 'merge_install': False, 'path': '/home/user/ros2_ws/src/my_py_pkg', 'symlink_install': False, 'test_result_base': None}
[22.200s] INFO:colcon.colcon_core.executor:Executing jobs using 'parallel' executor
[22.593s] DEBUG:colcon.colcon_parallel_executor.executor.parallel:run_until_complete
[22.594s] INFO:colcon.colcon_ros.task.ament_python.build:Building ROS package in '/home/user/ros2_ws/src/my_py_pkg' with build type 'ament_python'
[22.594s] Level 1:colcon.colcon_core.shell:create_environment_hook('my_py_pkg', 'ament_prefix_path')
[22.950s] INFO:colcon.colcon_core.plugin_system:Skipping extension 'colcon_core.shell.bat': Not used on non-Windows systems
[22.951s] INFO:colcon.colcon_core.shell:Creating environment hook '/home/user/ros2_ws/install/my_py_pkg/share/my_py_pkg/hook/ament_prefix_path.ps1'
[22.953s] INFO:colcon.colcon_core.shell:Creating environment descriptor '/home/user/ros2_ws/install/my_py_pkg/share/my_py_pkg/hook/ament_prefix_path.dsv'
[22.955s] INFO:colcon.colcon_core.shell:Creating environment hook '/home/user/ros2_ws/install/my_py_pkg/share/my_py_pkg/hook/ament_prefix_path.sh'
[23.339s] INFO:colcon.colcon_core.shell:Skip shell extension 'powershell' for command environment: Not usable outside of PowerShell
[23.340s] DEBUG:colcon.colcon_core.shell:Skip shell extension 'dsv' for command environment
[25.234s] INFO:colcon.colcon_core.task.python.build:Building Python package in '/home/user/ros2_ws/src/my_py_pkg'
[25.638s] INFO:colcon.colcon_core.shell:Skip shell extension 'powershell' for command environment: Not usable outside of PowerShell
[25.638s] DEBUG:colcon.colcon_core.shell:Skip shell extension 'dsv' for command environment
[27.841s] DEBUG:colcon.colcon_core.event_handler.log_command:Invoking command in '/home/user/ros2_ws/src/my_py_pkg': PYTHONPATH=/home/user/ros2_ws/build/my_py_pkg/prefix_override:/home/user/ros2_ws/install/my_py_pkg/lib/python3.8/site-packages:${PYTHONPATH} /usr/bin/python3 setup.py egg_info --egg-base ../../build/my_py_pkg build --build-base /home/user/ros2_ws/build/my_py_pkg/build install --record /home/user/ros2_ws/build/my_py_pkg/install.log --install-scripts $base/lib/my_py_pkg --single-version-externally-managed
[28.849s] DEBUG:colcon.colcon_core.event_handler.log_command:Invoked command in '/home/user/ros2_ws/src/my_py_pkg' returned '0': PYTHONPATH=/home/user/ros2_ws/build/my_py_pkg/prefix_override:/home/user/ros2_ws/install/my_py_pkg/lib/python3.8/site-packages:${PYTHONPATH} /usr/bin/python3 setup.py egg_info --egg-base ../../build/my_py_pkg build --build-base /home/user/ros2_ws/build/my_py_pkg/build install --record /home/user/ros2_ws/build/my_py_pkg/install.log --install-scripts $base/lib/my_py_pkg --single-version-externally-managed
[29.224s] Level 1:colcon.colcon_core.environment:checking '/home/user/ros2_ws/install/my_py_pkg' for CMake module files
[29.225s] Level 1:colcon.colcon_core.environment:checking '/home/user/ros2_ws/install/my_py_pkg' for CMake config files
[29.228s] Level 1:colcon.colcon_core.environment:checking '/home/user/ros2_ws/install/my_py_pkg/lib'
[29.229s] Level 1:colcon.colcon_core.environment:checking '/home/user/ros2_ws/install/my_py_pkg/bin'
[29.229s] Level 1:colcon.colcon_core.environment:checking '/home/user/ros2_ws/install/my_py_pkg/lib/pkgconfig/my_py_pkg.pc'
[29.230s] Level 1:colcon.colcon_core.environment:checking '/home/user/ros2_ws/install/my_py_pkg/lib/python3.8/site-packages'
[29.230s] Level 1:colcon.colcon_core.shell:create_environment_hook('my_py_pkg', 'pythonpath')
[29.589s] INFO:colcon.colcon_core.shell:Creating environment hook '/home/user/ros2_ws/install/my_py_pkg/share/my_py_pkg/hook/pythonpath.ps1'
[29.591s] INFO:colcon.colcon_core.shell:Creating environment descriptor '/home/user/ros2_ws/install/my_py_pkg/share/my_py_pkg/hook/pythonpath.dsv'
[29.592s] INFO:colcon.colcon_core.shell:Creating environment hook '/home/user/ros2_ws/install/my_py_pkg/share/my_py_pkg/hook/pythonpath.sh'
[29.594s] Level 1:colcon.colcon_core.environment:checking '/home/user/ros2_ws/install/my_py_pkg/bin'
[29.594s] Level 1:colcon.colcon_core.environment:create_environment_scripts_only(my_py_pkg)
[29.955s] INFO:colcon.colcon_core.shell:Creating package script '/home/user/ros2_ws/install/my_py_pkg/share/my_py_pkg/package.ps1'
[29.958s] INFO:colcon.colcon_core.shell:Creating package descriptor '/home/user/ros2_ws/install/my_py_pkg/share/my_py_pkg/package.dsv'
[29.960s] INFO:colcon.colcon_core.shell:Creating package script '/home/user/ros2_ws/install/my_py_pkg/share/my_py_pkg/package.sh'
[29.963s] INFO:colcon.colcon_core.shell:Creating package script '/home/user/ros2_ws/install/my_py_pkg/share/my_py_pkg/package.bash'
[29.965s] INFO:colcon.colcon_core.shell:Creating package script '/home/user/ros2_ws/install/my_py_pkg/share/my_py_pkg/package.zsh'
[29.968s] Level 1:colcon.colcon_core.environment:create_file_with_runtime_dependencies(/home/user/ros2_ws/install/my_py_pkg/share/colcon-core/packages/my_py_pkg)
[29.969s] DEBUG:colcon.colcon_parallel_executor.executor.parallel:closing loop
[29.970s] DEBUG:colcon.colcon_parallel_executor.executor.parallel:loop closed
[29.970s] DEBUG:colcon.colcon_parallel_executor.executor.parallel:run_until_complete finished with '0'
[29.971s] DEBUG:colcon.colcon_core.event_reactor:joining thread
[30.391s] INFO:colcon.colcon_core.plugin_system:Skipping extension 'colcon_notification.desktop_notification.notify_send': Could not find 'notify-send'
[30.391s] INFO:colcon.colcon_core.plugin_system:Skipping extension 'colcon_notification.desktop_notification.terminal_notifier': Not used on non-Darwin systems
[30.392s] INFO:colcon.colcon_core.plugin_system:Skipping extension 'colcon_notification.desktop_notification.win32': Not used on non-Windows systems
[30.392s] INFO:colcon.colcon_notification.desktop_notification:Sending desktop notification using 'notify2'
[30.398s] DEBUG:colcon.colcon_notification.desktop_notification.notify2:Failed to initialize notify2: org.freedesktop.DBus.Error.Spawn.ExecFailed: /usr/bin/dbus-launch terminated abnormally without any error message
[30.399s] DEBUG:colcon.colcon_core.event_reactor:joined thread
[30.818s] INFO:colcon.colcon_core.shell:Creating prefix script '/home/user/ros2_ws/install/local_setup.ps1'
[30.821s] INFO:colcon.colcon_core.shell:Creating prefix util module '/home/user/ros2_ws/install/_local_setup_util_ps1.py'
[30.826s] INFO:colcon.colcon_core.shell:Creating prefix chain script '/home/user/ros2_ws/install/setup.ps1'
[31.167s] INFO:colcon.colcon_core.shell:Creating prefix script '/home/user/ros2_ws/install/local_setup.sh'
[31.169s] INFO:colcon.colcon_core.shell:Creating prefix util module '/home/user/ros2_ws/install/_local_setup_util_sh.py'
[31.171s] INFO:colcon.colcon_core.shell:Creating prefix chain script '/home/user/ros2_ws/install/setup.sh'
[31.548s] INFO:colcon.colcon_core.shell:Creating prefix script '/home/user/ros2_ws/install/local_setup.bash'
[31.550s] INFO:colcon.colcon_core.shell:Creating prefix chain script '/home/user/ros2_ws/install/setup.bash'
[31.935s] INFO:colcon.colcon_core.shell:Creating prefix script '/home/user/ros2_ws/install/local_setup.zsh'
[31.936s] INFO:colcon.colcon_core.shell:Creating prefix chain script '/home/user/ros2_ws/install/setup.zsh'
